/mnt/hd8t/fsl/SpeechSeparation/mix/data/2speakers/wav8k/min/cv/s2/40fo0310_1.7105_40mo030m_-1.7105.wav
/mnt/hd8t/fsl/SpeechSeparation/mix/data/2speakers/wav8k/min/cv/s2/011o030j_2.1352_01to0306_-2.1352.wav
/mnt/hd8t/fsl/SpeechSeparation/mix/data/2speakers/wav8k/min/cv/s2/017c0214_1.3527_20vo010o_-1.3527.wav
/mnt/hd8t/fsl/SpeechSeparation/mix/data/2speakers/wav8k/min/cv/s2/01ac021a_0.28766_20ao010j_-0.28766.wav
/mnt/hd8t/fsl/SpeechSeparation/mix/data/2speakers/wav8k/min/cv/s2/01yo0311_1.8609_20ao010j_-1.8609.wav
/mnt/hd8t/fsl/SpeechSeparation/mix/data/2speakers/wav8k/min/cv/s2/01zc0211_2.329_01na010e_-2.329.wav
/mnt/hd8t/fsl/SpeechSeparation/mix/data/2speakers/wav8k/min/cv/s2/01ac020z_0.70231_01co030a_-0.70231.wav
/mnt/hd8t/fsl/SpeechSeparation/mix/data/2speakers/wav8k/min/cv/s2/01nc0201_1.9131_017o030x_-1.9131.wav
/mnt/hd8t/fsl/SpeechSeparation/mix/data/2speakers/wav8k/min/cv/s2/40io031b_2.2637_01oo031f_-2.2637.wav
/mnt/hd8t/fsl/SpeechSeparation/mix/data/2speakers/wav8k/min/cv/s2/01jo0312_0.49464_019o0309_-0.49464.wav
/mnt/hd8t/fsl/SpeechSeparation/mix/data/2speakers/wav8k/min/cv/s2/20oo010c_1.9483_20uc010a_-1.9483.wav
/mnt/hd8t/fsl/SpeechSeparation/mix/data/2speakers/wav8k/min/cv/s2/40go0315_1.4628_409o030n_-1.4628.wav
/mnt/hd8t/fsl/SpeechSeparation/mix/data/2speakers/wav8k/min/cv/s2/20bo010o_2.3076_01go030c_-2.3076.wav
/mnt/hd8t/fsl/SpeechSeparation/mix/data/2speakers/wav8k/min/cv/s2/01io030z_1.9941_02do0308_-1.9941.wav
/mnt/hd8t/fsl/SpeechSeparation/mix/data/2speakers/wav8k/min/cv/s2/406c020c_1.0653_40dc020g_-1.0653.wav
/mnt/hd8t/fsl/SpeechSeparation/mix/data/2speakers/wav8k/min/cv/s2/01to0309_0.19309_20fo0109_-0.19309.wav
/mnt/hd8t/fsl/SpeechSeparation/mix/data/2speakers/wav8k/min/cv/s2/025o0312_2.3611_20io010i_-2.3611.wav
/mnt/hd8t/fsl/SpeechSeparation/mix/data/2speakers/wav8k/min/cv/s2/012c020a_1.3926_01fo0303_-1.3926.wav
/mnt/hd8t/fsl/SpeechSeparation/mix/data/2speakers/wav8k/min/cv/s2/40eo030j_1.5372_01bo030x_-1.5372.wav
/mnt/hd8t/fsl/SpeechSeparation/mix/data/2speakers/wav8k/min/cv/s2/208o010k_2.4396_02co030k_-2.4396.wav
/mnt/hd8t/fsl/SpeechSeparation/mix/data/2speakers/wav8k/min/cv/s2/409o030z_0.017968_205o010p_-0.017968.wav
/mnt/hd8t/fsl/SpeechSeparation/mix/data/2speakers/wav8k/min/cv/s2/40gc021b_0.48906_013c0207_-0.48906.wav
/mnt/hd8t/fsl/SpeechSeparation/mix/data/2speakers/wav8k/min/cv/s2/40gc021b_2.2106_40lc020y_-2.2106.wav
/mnt/hd8t/fsl/SpeechSeparation/mix/data/2speakers/wav8k/min/cv/s2/011o0313_1.7001_01mc021e_-1.7001.wav
/mnt/hd8t/fsl/SpeechSeparation/mix/data/2speakers/wav8k/min/cv/s2/40oo0308_2.476_40ac0202_-2.476.wav
/mnt/hd8t/fsl/SpeechSeparation/mix/data/2speakers/wav8k/min/cv/s2/40go030g_1.4626_01ac020c_-1.4626.wav
/mnt/hd8t/fsl/SpeechSeparation/mix/data/2speakers/wav8k/min/cv/s2/01ac020c_2.2687_029o0304_-2.2687.wav
/mnt/hd8t/fsl/SpeechSeparation/mix/data/2speakers/wav8k/min/cv/s2/01bc0214_2.1415_01ac021a_-2.1415.wav
/mnt/hd8t/fsl/SpeechSeparation/mix/data/2speakers/wav8k/min/cv/s2/01pc020h_1.7597_029o030f_-1.7597.wav
/mnt/hd8t/fsl/SpeechSeparation/mix/data/2speakers/wav8k/min/cv/s2/027c0216_2.3876_01so030t_-2.3876.wav
/mnt/hd8t/fsl/SpeechSeparation/mix/data/2speakers/wav8k/min/cv/s2/40co030p_0.43281_40ac0205_-0.43281.wav
/mnt/hd8t/fsl/SpeechSeparation/mix/data/2speakers/wav8k/min/cv/s2/01vc0216_2.0255_409o030j_-2.0255.wav
/mnt/hd8t/fsl/SpeechSeparation/mix/data/2speakers/wav8k/min/cv/s2/20do010d_1.2442_40ac021d_-1.2442.wav
/mnt/hd8t/fsl/SpeechSeparation/mix/data/2speakers/wav8k/min/cv/s2/40ic0218_1.5304_01so030d_-1.5304.wav
/mnt/hd8t/fsl/SpeechSeparation/mix/data/2speakers/wav8k/min/cv/s2/407o0302_2.0001_01so0310_-2.0001.wav
/mnt/hd8t/fsl/SpeechSeparation/mix/data/2speakers/wav8k/min/cv/s2/20io010e_1.2193_207c0108_-1.2193.wav
/mnt/hd8t/fsl/SpeechSeparation/mix/data/2speakers/wav8k/min/cv/s2/40po030g_1.2589_20lo0109_-1.2589.wav
/mnt/hd8t/fsl/SpeechSeparation/mix/data/2speakers/wav8k/min/cv/s2/40po030g_0.4064_029o030f_-0.4064.wav
/mnt/hd8t/fsl/SpeechSeparation/mix/data/2speakers/wav8k/min/cv/s2/20eo0108_0.28436_40po030g_-0.28436.wav
/mnt/hd8t/fsl/SpeechSeparation/mix/data/2speakers/wav8k/min/cv/s2/404o0314_0.57535_204o0109_-0.57535.wav
/mnt/hd8t/fsl/SpeechSeparation/mix/data/2speakers/wav8k/min/cv/s2/20fo0109_1.1429_017o030p_-1.1429.wav
/mnt/hd8t/fsl/SpeechSeparation/mix/data/2speakers/wav8k/min/cv/s2/409o030h_1.7445_029o0304_-1.7445.wav
/mnt/hd8t/fsl/SpeechSeparation/mix/data/2speakers/wav8k/min/cv/s2/01uo0304_0.33585_017o0302_-0.33585.wav
/mnt/hd8t/fsl/SpeechSeparation/mix/data/2speakers/wav8k/min/cv/s2/40ho030a_0.30171_20lo010p_-0.30171.wav
/mnt/hd8t/fsl/SpeechSeparation/mix/data/2speakers/wav8k/min/cv/s2/029o030f_2.1207_01lc020g_-2.1207.wav
/mnt/hd8t/fsl/SpeechSeparation/mix/data/2speakers/wav8k/min/cv/s2/40bo030o_2.0693_01tc020a_-2.0693.wav
/mnt/hd8t/fsl/SpeechSeparation/mix/data/2speakers/wav8k/min/cv/s2/015o0310_2.3145_01tc020a_-2.3145.wav
/mnt/hd8t/fsl/SpeechSeparation/mix/data/2speakers/wav8k/min/cv/s2/016o031f_1.2754_027o030e_-1.2754.wav
/mnt/hd8t/fsl/SpeechSeparation/mix/data/2speakers/wav8k/min/cv/s2/01do0316_2.3475_40go0309_-2.3475.wav
/mnt/hd8t/fsl/SpeechSeparation/mix/data/2speakers/wav8k/min/cv/s2/01pc0205_1.7042_01no0303_-1.7042.wav
/mnt/hd8t/fsl/SpeechSeparation/mix/data/2speakers/wav8k/min/cv/s2/01xo030l_2.4855_20ao010d_-2.4855.wav
/mnt/hd8t/fsl/SpeechSeparation/mix/data/2speakers/wav8k/min/cv/s2/20uc010f_1.0304_01so030b_-1.0304.wav
/mnt/hd8t/fsl/SpeechSeparation/mix/data/2speakers/wav8k/min/cv/s2/20uo010r_1.7957_02cc020q_-1.7957.wav
/mnt/hd8t/fsl/SpeechSeparation/mix/data/2speakers/wav8k/min/cv/s2/20co010m_0.82801_019c0212_-0.82801.wav
/mnt/hd8t/fsl/SpeechSeparation/mix/data/2speakers/wav8k/min/cv/s2/01ac0208_1.0269_01no030a_-1.0269.wav
/mnt/hd8t/fsl/SpeechSeparation/mix/data/2speakers/wav8k/min/cv/s2/404o0309_2.2752_40go0315_-2.2752.wav
/mnt/hd8t/fsl/SpeechSeparation/mix/data/2speakers/wav8k/min/cv/s2/20lo010b_1.8899_01ao0305_-1.8899.wav
/mnt/hd8t/fsl/SpeechSeparation/mix/data/2speakers/wav8k/min/cv/s2/01xo030l_0.1897_01zo030w_-0.1897.wav
/mnt/hd8t/fsl/SpeechSeparation/mix/data/2speakers/wav8k/min/cv/s2/011c020l_0.94985_40fo031e_-0.94985.wav
/mnt/hd8t/fsl/SpeechSeparation/mix/data/2speakers/wav8k/min/cv/s2/01yo030v_0.25125_011c020l_-0.25125.wav
/mnt/hd8t/fsl/SpeechSeparation/mix/data/2speakers/wav8k/min/cv/s2/014o0304_0.97013_20oc0106_-0.97013.wav
/mnt/hd8t/fsl/SpeechSeparation/mix/data/2speakers/wav8k/min/cv/s2/02dc020v_0.53949_407c0217_-0.53949.wav
/mnt/hd8t/fsl/SpeechSeparation/mix/data/2speakers/wav8k/min/cv/s2/02cc0204_1.8752_01sc021g_-1.8752.wav
/mnt/hd8t/fsl/SpeechSeparation/mix/data/2speakers/wav8k/min/cv/s2/01yo0305_1.23_40bo030q_-1.23.wav
/mnt/hd8t/fsl/SpeechSeparation/mix/data/2speakers/wav8k/min/cv/s2/01sc0201_2.2363_20lo010b_-2.2363.wav
/mnt/hd8t/fsl/SpeechSeparation/mix/data/2speakers/wav8k/min/cv/s2/01kc0219_1.3591_409o031c_-1.3591.wav
/mnt/hd8t/fsl/SpeechSeparation/mix/data/2speakers/wav8k/min/cv/s2/206o010l_0.19456_20ao0102_-0.19456.wav
/mnt/hd8t/fsl/SpeechSeparation/mix/data/2speakers/wav8k/min/cv/s2/20io010g_1.5298_015o030z_-1.5298.wav
/mnt/hd8t/fsl/SpeechSeparation/mix/data/2speakers/wav8k/min/cv/s2/01do030t_0.71705_20kc010f_-0.71705.wav
/mnt/hd8t/fsl/SpeechSeparation/mix/data/2speakers/wav8k/min/cv/s2/40fc020p_0.095974_025c020l_-0.095974.wav
/mnt/hd8t/fsl/SpeechSeparation/mix/data/2speakers/wav8k/min/cv/s2/40fc0214_0.48323_01co0318_-0.48323.wav
/mnt/hd8t/fsl/SpeechSeparation/mix/data/2speakers/wav8k/min/cv/s2/20co010m_0.35047_20kc0105_-0.35047.wav
/mnt/hd8t/fsl/SpeechSeparation/mix/data/2speakers/wav8k/min/cv/s2/205o010p_0.50113_40nc020c_-0.50113.wav
/mnt/hd8t/fsl/SpeechSeparation/mix/data/2speakers/wav8k/min/cv/s2/02bc020f_0.16323_017o0310_-0.16323.wav
/mnt/hd8t/fsl/SpeechSeparation/mix/data/2speakers/wav8k/min/cv/s2/40jo0309_2.3134_018c021f_-2.3134.wav
/mnt/hd8t/fsl/SpeechSeparation/mix/data/2speakers/wav8k/min/cv/s2/01eo031e_1.3305_401c020h_-1.3305.wav
/mnt/hd8t/fsl/SpeechSeparation/mix/data/2speakers/wav8k/min/cv/s2/20ko0107_0.60119_20ec010c_-0.60119.wav
/mnt/hd8t/fsl/SpeechSeparation/mix/data/2speakers/wav8k/min/cv/s2/01lo031b_1.7357_40eo0304_-1.7357.wav
/mnt/hd8t/fsl/SpeechSeparation/mix/data/2speakers/wav8k/min/cv/s2/01wo030d_0.4279_01bo031d_-0.4279.wav
/mnt/hd8t/fsl/SpeechSeparation/mix/data/2speakers/wav8k/min/cv/s2/02co030x_0.90249_01bc020m_-0.90249.wav
/mnt/hd8t/fsl/SpeechSeparation/mix/data/2speakers/wav8k/min/cv/s2/20kc010m_1.6418_01bc020m_-1.6418.wav
/mnt/hd8t/fsl/SpeechSeparation/mix/data/2speakers/wav8k/min/cv/s2/40ko031a_1.7509_01qc0208_-1.7509.wav
/mnt/hd8t/fsl/SpeechSeparation/mix/data/2speakers/wav8k/min/cv/s2/023c020d_1.1166_027o0314_-1.1166.wav
/mnt/hd8t/fsl/SpeechSeparation/mix/data/2speakers/wav8k/min/cv/s2/01vo0319_0.58322_01uo030x_-0.58322.wav
/mnt/hd8t/fsl/SpeechSeparation/mix/data/2speakers/wav8k/min/cv/s2/015o030o_0.29423_20ho0102_-0.29423.wav
/mnt/hd8t/fsl/SpeechSeparation/mix/data/2speakers/wav8k/min/cv/s2/20bc010e_2.3696_021o030e_-2.3696.wav
/mnt/hd8t/fsl/SpeechSeparation/mix/data/2speakers/wav8k/min/cv/s2/021o030e_1.9548_20qc0105_-1.9548.wav
/mnt/hd8t/fsl/SpeechSeparation/mix/data/2speakers/wav8k/min/cv/s2/01eo031e_2.3591_01yo030v_-2.3591.wav
/mnt/hd8t/fsl/SpeechSeparation/mix/data/2speakers/wav8k/min/cv/s2/20vo010o_1.715_403o0302_-1.715.wav
/mnt/hd8t/fsl/SpeechSeparation/mix/data/2speakers/wav8k/min/cv/s2/01uo030a_0.27026_406o030j_-0.27026.wav
/mnt/hd8t/fsl/SpeechSeparation/mix/data/2speakers/wav8k/min/cv/s2/02co031e_0.50997_01qc020h_-0.50997.wav
/mnt/hd8t/fsl/SpeechSeparation/mix/data/2speakers/wav8k/min/cv/s2/01qc020h_0.96982_01ac0209_-0.96982.wav
/mnt/hd8t/fsl/SpeechSeparation/mix/data/2speakers/wav8k/min/cv/s2/01bo030s_0.051555_40no0304_-0.051555.wav
/mnt/hd8t/fsl/SpeechSeparation/mix/data/2speakers/wav8k/min/cv/s2/01ko030d_0.8611_40no0304_-0.8611.wav
/mnt/hd8t/fsl/SpeechSeparation/mix/data/2speakers/wav8k/min/cv/s2/02bc020f_1.3021_409c021d_-1.3021.wav
/mnt/hd8t/fsl/SpeechSeparation/mix/data/2speakers/wav8k/min/cv/s2/408o0304_0.23113_02bc020f_-0.23113.wav
/mnt/hd8t/fsl/SpeechSeparation/mix/data/2speakers/wav8k/min/cv/s2/20mo0106_2.4574_01bo030k_-2.4574.wav
/mnt/hd8t/fsl/SpeechSeparation/mix/data/2speakers/wav8k/min/cv/s2/011o030l_0.4331_025o0313_-0.4331.wav
/mnt/hd8t/fsl/SpeechSeparation/mix/data/2speakers/wav8k/min/cv/s2/204o010j_1.5701_01xo0314_-1.5701.wav
/mnt/hd8t/fsl/SpeechSeparation/mix/data/2speakers/wav8k/min/cv/s2/01uo0310_0.40252_40do030v_-0.40252.wav
/mnt/hd8t/fsl/SpeechSeparation/mix/data/2speakers/wav8k/min/cv/s2/40ao0311_0.2328_023o030z_-0.2328.wav
/mnt/hd8t/fsl/SpeechSeparation/mix/data/2speakers/wav8k/min/cv/s2/01xo030d_0.62455_20bo010r_-0.62455.wav
/mnt/hd8t/fsl/SpeechSeparation/mix/data/2speakers/wav8k/min/cv/s2/01jo030y_1.9327_206o010o_-1.9327.wav
/mnt/hd8t/fsl/SpeechSeparation/mix/data/2speakers/wav8k/min/cv/s2/20do010r_0.43562_405o0314_-0.43562.wav
/mnt/hd8t/fsl/SpeechSeparation/mix/data/2speakers/wav8k/min/cv/s2/01ko030f_1.9823_02do0308_-1.9823.wav
/mnt/hd8t/fsl/SpeechSeparation/mix/data/2speakers/wav8k/min/cv/s2/401o030m_1.5777_20bo010d_-1.5777.wav
/mnt/hd8t/fsl/SpeechSeparation/mix/data/2speakers/wav8k/min/cv/s2/022c0202_1.3801_025c0208_-1.3801.wav
/mnt/hd8t/fsl/SpeechSeparation/mix/data/2speakers/wav8k/min/cv/s2/01bc021e_1.4865_024o0305_-1.4865.wav
/mnt/hd8t/fsl/SpeechSeparation/mix/data/2speakers/wav8k/min/cv/s2/025c020l_2.2316_40lc021a_-2.2316.wav
/mnt/hd8t/fsl/SpeechSeparation/mix/data/2speakers/wav8k/min/cv/s2/01vo0301_0.87121_018o030i_-0.87121.wav
/mnt/hd8t/fsl/SpeechSeparation/mix/data/2speakers/wav8k/min/cv/s2/01zc020k_0.17861_01ic020f_-0.17861.wav
/mnt/hd8t/fsl/SpeechSeparation/mix/data/2speakers/wav8k/min/cv/s2/01yo0311_2.4017_205c010c_-2.4017.wav
/mnt/hd8t/fsl/SpeechSeparation/mix/data/2speakers/wav8k/min/cv/s2/20qc010p_1.3137_01nc0218_-1.3137.wav
/mnt/hd8t/fsl/SpeechSeparation/mix/data/2speakers/wav8k/min/cv/s2/01io030a_0.29177_01eo0318_-0.29177.wav
/mnt/hd8t/fsl/SpeechSeparation/mix/data/2speakers/wav8k/min/cv/s2/407o0301_0.53523_01ko0318_-0.53523.wav
/mnt/hd8t/fsl/SpeechSeparation/mix/data/2speakers/wav8k/min/cv/s2/01jo0309_0.99265_025o0313_-0.99265.wav
/mnt/hd8t/fsl/SpeechSeparation/mix/data/2speakers/wav8k/min/cv/s2/20ao010m_0.69776_01ro030q_-0.69776.wav
/mnt/hd8t/fsl/SpeechSeparation/mix/data/2speakers/wav8k/min/cv/s2/01so030b_0.52006_20bo010i_-0.52006.wav
/mnt/hd8t/fsl/SpeechSeparation/mix/data/2speakers/wav8k/min/cv/s2/01ao0312_1.6447_20ao0102_-1.6447.wav
/mnt/hd8t/fsl/SpeechSeparation/mix/data/2speakers/wav8k/min/cv/s2/407o0313_0.18438_20ao0102_-0.18438.wav
/mnt/hd8t/fsl/SpeechSeparation/mix/data/2speakers/wav8k/min/cv/s2/027o0314_1.9093_20eo010q_-1.9093.wav
/mnt/hd8t/fsl/SpeechSeparation/mix/data/2speakers/wav8k/min/cv/s2/011o030z_0.36869_20qc010m_-0.36869.wav
/mnt/hd8t/fsl/SpeechSeparation/mix/data/2speakers/wav8k/min/cv/s2/01nc0201_0.9531_011o030z_-0.9531.wav
/mnt/hd8t/fsl/SpeechSeparation/mix/data/2speakers/wav8k/min/cv/s2/01fo0308_1.1666_01jo0317_-1.1666.wav
/mnt/hd8t/fsl/SpeechSeparation/mix/data/2speakers/wav8k/min/cv/s2/407o0313_0.36565_01bo030c_-0.36565.wav
/mnt/hd8t/fsl/SpeechSeparation/mix/data/2speakers/wav8k/min/cv/s2/01vo0319_2.3449_20do010i_-2.3449.wav
/mnt/hd8t/fsl/SpeechSeparation/mix/data/2speakers/wav8k/min/cv/s2/20qc010o_0.15165_20kc0105_-0.15165.wav
/mnt/hd8t/fsl/SpeechSeparation/mix/data/2speakers/wav8k/min/cv/s2/40jo030x_1.8863_011o031d_-1.8863.wav
