3.421000
4.270400
2.705400
0.575320
3.721800
4.658000
1.404620
3.826200
4.527400
0.989280
3.896600
2.925600
4.615200
3.988200
2.130600
0.386180
4.722200
2.785200
3.074400
4.879200
0.035936
0.978120
4.421200
3.400200
4.952000
2.925200
4.537400
4.283000
3.519400
4.775200
0.865620
4.051000
2.488400
3.060800
4.000200
2.438600
2.517800
0.812800
0.568720
1.150700
2.285800
3.489000
0.671700
0.603420
4.241400
4.138600
4.629000
2.550800
4.695000
3.408400
4.971000
2.060800
3.591400
1.656020
2.053800
4.550400
3.779800
0.379400
1.899700
0.502500
1.940260
1.078980
3.750400
2.460000
4.472600
2.718200
0.389120
3.059600
1.434100
0.191948
0.966460
0.700940
1.002260
0.326460
4.626800
2.661000
1.202380
3.471400
0.855800
1.804980
3.283600
3.501800
2.233200
1.166440
0.588460
4.739200
3.909600
4.718200
3.430000
0.540520
1.019940
1.939640
0.103110
1.722200
2.604200
0.462260
4.914800
0.866200
3.140200
0.805040
0.465600
1.249100
3.865400
0.871240
3.964600
3.155400
2.760200
2.973000
4.463200
1.742420
0.357220
4.803400
2.627400
0.583540
1.070460
1.985300
1.395520
1.040120
3.289400
0.368760
3.818600
0.737380
1.906200
2.333200
0.731300
4.689800
0.303300
3.772600
