1.631140
1.048420
1.296260
2.838000
3.276800
1.483580
0.578500
3.203600
3.303800
2.100000
2.496400
0.097416
2.476800
0.041224
3.045400
3.496800
2.903200
3.943800
1.606080
2.721800
1.411000
1.462620
3.630400
4.312600
4.249600
1.458320
1.409700
2.103200
2.893000
1.962640
3.730800
0.500000
2.338400
2.495800
0.843220
2.352000
0.581920
4.273400
0.941700
4.535800
1.009700
3.491200
1.108460
1.665220
3.439200
0.129424
0.788580
2.234200
4.534400
1.763400
0.498840
3.599400
3.773000
0.947420
0.445940
2.444200
1.999340
3.240000
0.827160
3.207000
0.387800
2.192600
1.196400
1.795340
2.162600
1.731300
0.449160
2.005600
2.120200
3.416600
1.400000
3.138800
1.275780
1.614940
4.819600
1.025280
0.997400
4.329800
1.331980
2.834400
4.621400
4.733800
3.259000
2.176000
0.082622
3.064000
4.310800
2.089000
4.992200
4.377400
4.632200
0.527940
2.665600
4.189200
4.689600
4.345600
0.788520
2.502200
4.918400
0.302280
1.461500
3.669600
0.502420
1.106720
2.898600
0.189390
3.446400
3.596800
3.289400
0.406080
2.414400
0.010084
1.814140
0.227880
2.114000
2.934000
4.432400
3.718200
1.715100
4.725600
1.115860
4.793000
0.434820
3.990400
0.655340
2.789200
3.242800
4.707600
4.570800
3.603800
4.944600
2.423400
0.501720
3.083200
2.937200
4.256400
4.248600
3.601000
1.072220
3.261600
4.323200
0.975820
0.474420
4.365400
1.173760
2.415200
2.681800
3.140800
1.227640
2.087400
2.424400
0.302120
4.176800
1.742260
0.054942
2.910800
1.515640
0.298320
3.837200
1.970960
2.730400
2.676000
0.847160
0.246520
2.047600
1.832480
2.754000
2.355400
0.316360
3.104800
2.257000
2.453800
2.389600
1.725460
3.064200
2.921200
4.521800
3.383600
1.977660
3.169800
4.382000
3.057200
4.349400
4.235800
3.623800
3.836600
1.236920
3.739400
2.098200
4.140400
3.336200
0.218320
0.810460
4.202200
0.881520
1.685760
3.782200
1.338080
1.608960
1.531300
4.720800
0.446500
3.595800
1.678820
2.883400
4.333200
2.845600
0.972120
2.922400
0.130948
0.686000
2.506000
1.779080
3.077000
0.441860
1.442820
2.975800
2.688200
1.026140
1.031480
1.425020
2.020400
2.750800
2.291200
3.417200
4.148800
3.240200
2.424800
4.471000
3.405400
1.099740
3.591200
2.687800
4.836400
3.480200
3.347400
0.362620
2.763200
0.646280
2.122600
2.084200
2.174800
2.892800
3.063200
3.582000
3.555200
1.583660
0.892140
2.821000
4.144600
0.000299
1.572440
4.755600
2.952400
3.745600
0.249480
3.417800
1.324900
4.453000
1.073100
4.073400
1.051440
0.871840
2.371800
1.210640
2.324400
3.831200
1.460840
1.477900
2.087800
1.250160
3.858200
0.707540
3.223000
1.442160
1.984880
3.322000
0.247440
1.785040
2.523200
0.601120
4.270400
2.484800
2.474200
1.995960
0.389120
3.711000
4.941000
3.653800
1.755020
2.377800
0.815980
0.631420
1.724420
0.729480
2.153400
0.902200
2.577400
3.246000
2.126400
1.333480
0.990260
4.800800
4.621200
4.459000
2.764600
4.826200
0.061574
1.466120
2.442000
3.622800
0.370540
4.090600
2.538800
0.495780
2.410800
0.125278
3.810800
2.789400
0.632340
0.817060
1.481320
0.389040
2.883600
0.284600
3.476800
0.654100
3.512000
1.083900
1.326600
2.326200
2.916200
4.816000
0.336460
1.389980
0.516800
2.507600
2.799600
0.276840
2.313400
4.673400
1.478420
1.573240
4.208600
1.563680
0.124324
2.848800
4.088600
0.452880
3.012600
3.338000
2.683400
0.322720
2.647800
0.300120
2.939400
1.031780
1.236500
3.795200
4.212600
0.255540
4.612200
3.132000
0.575560
4.552800
3.549400
2.139800
2.524800
1.496260
2.024600
2.644200
0.247800
0.854020
2.883400
2.633600
2.770600
3.202200
0.584200
3.631600
0.637100
4.887000
3.019000
1.126800
1.360020
1.772360
4.299800
0.986400
4.124400
3.448600
4.111200
4.409600
0.680080
4.013600
3.059800
2.922800
1.641000
4.151000
4.198600
4.300200
3.929400
3.904800
0.537920
4.681400
2.843600
1.643520
2.564600
4.462800
2.824000
3.904200
4.445000
2.670600
2.293200
1.562480
4.816200
2.837000
2.328200
3.956200
2.983400
1.642480
3.667200
3.063000
2.304800
0.196612
2.736400
2.147600
3.162400
4.557600
2.364800
1.706040
2.183000
0.693980
1.774000
1.029360
4.587400
4.235800
0.921240
3.705400
1.026620
0.158294
3.186400
2.490000
3.451800
3.673200
2.441200
2.183200
0.002673
4.161600
4.580200
0.980280
0.323900
4.748200
0.437900
2.359800
4.461000
0.841220
2.232200
4.606400
1.031400
2.763800
1.537600
3.160800
0.232240
0.058232
1.297680
2.624000
0.500400
0.061196
4.436400
0.942100
4.608000
0.757180
0.037322
4.596800
4.740600
4.456000
1.669700
0.714520
0.293520
4.251800
0.420680
3.138200
3.491000
1.157280
1.523800
0.956380
1.454200
4.412800
4.879800
3.603800
4.737200
0.720420
2.057400
0.300920
4.609600
1.752660
1.343800
0.025914
2.444000
0.397980
2.413600
1.162580
2.770200
3.737800
1.717200
4.671000
0.094386
2.275400
3.800600
2.129000
3.198400
3.641400
1.120080
1.405060
1.300080
0.122142
2.538400
2.110400
3.128800
2.297800
3.997200
2.487400
1.162300
0.767100
0.022260
0.279860
4.213200
2.257400
4.819200
2.987800
3.725800
0.920580
0.775960
1.709760
0.989780
2.894000
4.603000
3.648600
1.783580
2.021000
0.624820
3.478600
4.626600
0.209520
4.695400
0.167798
0.101562
0.069756
2.089800
1.110620
2.307400
4.735800
3.684600
3.618800
1.208620
1.792740
2.569400
2.440600
0.431460
2.318800
3.717400
0.334380
4.073200
1.783740
4.899600
2.560200
1.493500
0.160354
1.113680
3.913800
1.171920
3.390200
0.439860
1.638360
2.259400
1.199840
1.528420
0.283220
3.726200
0.480240
2.703200
2.741600
4.381600
2.614800
4.749200
3.389200
1.861420
4.892200
1.096820
4.614000
1.982220
0.504560
2.509200
3.901000
4.896000
3.072800
1.401780
2.342400
1.835040
2.923000
4.342000
0.391600
3.352000
0.359320
0.242400
0.606960
4.117800
1.187240
1.852400
1.288380
1.549040
3.610200
2.943200
3.936600
1.108780
1.955140
3.158200
0.381900
2.372400
4.182800
0.753880
1.655800
0.844540
0.078166
4.482200
2.921600
3.121800
2.416600
0.042892
1.968280
3.840400
1.381780
3.681600
0.228900
3.872200
2.391600
4.105200
0.014260
1.790340
2.279800
0.621320
0.157762
1.437320
2.811000
1.721100
3.346600
0.988620
4.709800
3.611000
1.401000
3.951800
2.974400
4.217600
4.943600
0.454060
1.068680
1.788060
4.978000
0.446100
4.837400
2.189800
1.637460
4.039400
0.208300
4.714200
0.598480
2.529800
0.826240
4.943400
0.714240
3.118400
3.820600
3.071600
2.175000
2.708800
2.970000
3.889000
3.017000
2.584400
2.622200
0.558460
3.909200
4.328600
1.518400
0.210920
0.194214
3.575400
3.092800
0.310740
3.388600
1.973240
2.171000
1.488220
0.681120
3.351800
0.383720
2.482200
4.316600
2.302200
4.659800
3.066200
4.848000
3.988600
0.871600
3.584400
1.819560
3.035200
3.286600
1.572120
0.791700
3.583200
0.910880
0.891760
3.686000
0.799820
1.915460
4.776800
0.457940
2.624600
1.647800
4.946600
1.702180
2.659800
4.062000
0.817820
0.751940
2.104400
3.897600
4.817000
3.269600
0.389200
1.121680
4.004400
1.552520
3.712800
1.746500
3.063600
3.739200
3.180800
2.126600
1.585400
2.432800
3.091000
1.632720
2.292000
1.027240
2.991200
4.079000
2.464000
0.201880
1.895460
2.418200
2.889000
2.837800
2.856200
4.489000
3.604800
3.901600
2.709200
1.497500
0.388420
2.436200
4.512000
2.759600
3.965800
4.605400
4.397600
0.115612
1.416160
3.250600
0.740360
4.891800
0.991860
0.052876
4.450400
4.477800
4.932000
1.435360
0.172526
0.426520
3.733000
0.613900
2.264200
3.077000
3.428600
1.861140
2.449200
1.519040
3.977000
3.600200
1.222000
4.626000
1.490020
1.959780
3.408000
3.233600
1.765780
0.795660
1.787340
3.250200
1.320200
2.372200
4.839400
3.484800
0.758780
0.921100
2.368400
2.662400
0.349340
0.183940
2.871400
4.530000
3.020800
0.888200
0.710400
3.560800
3.364800
0.626340
2.261600
3.905000
4.494400
3.577400
4.328000
2.441000
1.988600
3.992000
2.050000
4.631800
4.426600
2.517200
1.572540
3.948600
2.413000
1.643620
1.551820
1.379800
4.890600
2.211000
4.218800
4.687000
3.124000
1.927380
3.285400
1.090420
1.923740
0.973920
1.147220
2.146000
3.758400
3.762400
4.088000
3.214200
0.003500
3.757000
4.184800
4.483000
0.343980
3.734600
1.918780
3.997600
4.415400
0.676900
1.878580
2.009400
4.948800
3.758000
1.324380
4.009000
4.378600
0.465160
1.056080
2.263600
4.612800
3.907600
0.287540
0.711420
2.942600
0.500220
0.069784
1.184060
3.037600
4.760000
3.635800
3.827800
1.335320
0.478620
2.056000
1.677780
0.908340
4.342200
1.014460
1.868520
2.588800
1.723000
2.793800
0.226460
4.924000
3.993200
0.754100
1.956300
3.209000
4.033200
0.366560
4.361000
2.878400
3.350200
0.102912
4.211200
1.231580
0.848000
3.049800
1.367180
3.006800
4.906600
2.063000
2.950600
1.028300
1.429800
3.981400
3.200800
2.842200
2.752600
0.800400
3.013600
0.648540
2.668200
1.176760
1.389180
2.275600
0.473320
1.679700
0.151390
4.406400
1.108200
1.241260
1.171540
4.285000
2.839000
3.173600
0.646800
3.364000
4.816200
1.747740
2.124600
1.627880
0.060872
2.506400
4.913600
3.622200
4.170400
2.589000
1.179320
4.042600
3.818000
3.975000
3.764400
0.569420
4.813400
0.276960
0.058014
4.358600
1.424540
4.991200
2.533600
2.927200
1.848640
3.146600
0.145372
4.130000
0.897420
3.036800
3.228800
3.994200
0.908200
0.615180
1.536860
3.860600
3.311000
1.820100
3.212400
3.798000
0.333700
0.448020
0.498220
1.852180
4.517200
0.423180
1.520320
1.616100
2.246200
0.529060
2.029600
4.101600
3.335800
2.421600
4.826800
3.553400
2.804600
3.688800
2.022400
1.187260
2.736000
1.205760
3.827600
0.306760
0.907880
0.697860
1.202760
3.101000
4.200400
4.912200
0.639360
3.298000
0.715940
4.610800
2.129600
2.694200
4.839800
0.854780
3.825200
4.252600
0.261500
1.557160
4.596000
0.915880
4.447400
3.166400
1.936100
1.268120
3.366000
3.410600
4.130000
3.416600
0.021282
2.057200
3.733800
2.053800
3.775400
4.016600
0.034058
1.188260
4.272800
4.965400
2.408400
0.323480
2.283000
0.114520
4.303600
1.212200
1.350260
4.536600
1.483380
1.519420
0.309420
2.962800
0.660580
1.393960
0.140232
2.363800
3.803800
3.254800
3.299400
1.964560
4.210600
3.824200
0.825820
2.230600
1.733000
0.581500
0.161896
0.292160
1.465040
0.280860
2.302800
2.804000
0.289480
4.917200
0.458240
2.069200
1.098660
3.822200
1.740320
2.518400
2.137000
4.213600
4.293200
2.805600
1.160000
4.537400
0.072002
1.433420
0.167262
3.138600
2.420000
4.873000
2.217400
1.562060
4.182800
0.238780
3.741800
1.187140
2.690000
4.682400
3.483400
0.032120
3.635400
0.359240
3.168200
1.632420
3.754400
4.657200
1.849200
2.525000
3.594800
4.007400
1.086880
0.519620
0.352840
0.122152
2.023000
2.291600
2.028600
0.214180
2.682200
0.142344
0.935840
2.327000
2.855800
4.935800
4.882000
0.247920
3.522800
1.945500
2.315200
1.451280
3.817800
1.696820
4.276200
1.466540
3.536600
2.981800
4.299400
0.500300
2.707000
1.216720
3.174400
4.477400
3.281600
4.753200
0.955200
3.798800
2.473800
0.991120
3.805000
3.861800
0.536600
4.785600
0.580620
1.617160
1.657260
3.003000
0.896700
4.884600
1.124100
2.127800
4.964200
0.937360
4.638400
1.774040
4.486400
3.127000
3.559600
3.523400
0.840960
4.431200
4.844200
2.848600
2.377600
4.194400
3.820800
2.411600
2.121000
0.977260
1.142500
2.360200
3.821400
4.169600
4.117000
3.856600
3.804600
1.047360
3.848400
1.756500
3.105600
0.100402
3.721400
3.968400
0.796700
2.917800
2.546200
1.973360
0.034448
4.980400
4.699400
4.722600
3.421200
1.461200
2.395800
2.444200
0.302740
0.295140
4.250600
4.746400
2.818400
0.880240
0.665960
1.212900
1.120020
3.825400
4.555200
0.960060
0.601940
2.890600
3.202400
2.466200
1.199360
4.325600
4.056600
2.523600
2.785200
2.523400
2.994000
1.209400
0.754300
3.345600
0.266120
0.091044
0.262020
1.643480
3.871000
2.426200
2.647200
2.785800
2.885400
4.300000
4.567800
0.129224
1.808700
4.249400
4.311400
1.852240
3.155200
1.281500
3.925600
2.935200
0.571580
4.587400
0.708100
1.026780
4.390000
2.882200
4.472800
4.942600
0.475840
3.213600
2.619600
1.129820
3.504600
3.623800
0.645700
1.952360
3.224400
4.300000
2.292800
3.373000
0.502820
1.423640
2.472000
3.298200
0.984660
1.463000
2.340000
3.077600
1.924600
2.600400
3.645400
1.349380
0.620720
3.834000
1.387500
3.336600
1.987400
4.257400
2.422400
4.024000
0.000254
2.837200
1.642840
1.072140
4.778600
4.012400
1.756680
3.703200
4.714800
0.856280
0.248060
0.714000
4.488600
2.986000
2.637800
0.534400
0.893680
2.680200
2.152200
0.074688
1.964040
3.136000
1.981400
2.516200
0.000540
0.975480
0.971180
4.666000
0.840660
3.893400
2.935200
1.360860
1.930740
0.769360
2.999400
3.354200
3.644400
2.728800
3.937200
4.408200
2.683000
1.781180
0.152892
2.183800
2.235200
3.608800
4.745800
4.101200
1.596480
4.516600
1.030960
3.164800
4.831400
3.584600
4.701800
1.419800
1.457840
2.859000
0.189098
3.826200
1.840560
3.884200
4.958200
3.354400
3.447200
3.112400
2.840800
1.672380
1.266100
1.957260
1.408140
4.627400
2.964800
2.926400
4.423200
2.999200
3.188400
4.034200
3.939600
2.550400
0.719180
4.174000
3.941400
3.732400
1.197700
0.880000
1.130580
3.339000
2.899200
1.005880
0.363060
0.333160
3.695800
2.043800
1.998260
2.603200
4.885800
0.448900
1.945320
2.483200
3.893600
3.822400
0.394620
0.920880
1.093360
1.779340
2.285000
0.904960
0.178872
2.945600
3.715600
0.137680
3.884800
0.021906
4.505800
1.547440
4.580400
2.524400
3.319000
0.337420
4.923200
4.943200
0.830700
4.234600
0.601520
4.039600
2.899800
0.022598
1.047580
2.306600
1.011320
1.595720
4.147200
3.026600
2.092400
3.138000
4.326200
2.563200
4.136200
2.851600
0.813540
4.054800
1.372740
4.591400
2.940400
4.503200
3.441800
1.748820
3.326000
0.979080
4.624600
0.340180
0.044900
2.879200
1.201280
0.286520
1.628820
0.773580
1.003060
4.697200
0.266580
3.648000
0.913760
1.630380
2.129400
0.215660
3.426800
0.915120
1.014900
4.878200
0.187794
1.886140
3.477000
3.528200
4.218200
2.679200
3.512200
4.266200
4.324200
4.253800
0.273520
3.265800
3.262600
3.650600
2.994800
3.390600
3.319600
3.631800
3.332800
3.817000
2.483200
4.304200
0.817120
0.346400
4.554800
4.785000
1.635880
4.627000
0.579200
0.858760
3.386200
4.307200
4.935000
4.779000
0.616760
0.962460
1.134580
1.741100
2.555600
3.138200
4.710200
0.808240
3.256000
3.733400
0.410480
1.061620
0.622240
3.351000
4.977600
3.191000
2.625600
0.057294
2.065800
3.117000
2.182000
3.889800
1.852980
3.164000
1.667240
0.236260
3.320800
2.991400
3.690000
3.472000
3.924000
1.138060
3.034800
3.472800
1.959440
3.863800
1.530340
0.417640
3.411200
3.721200
2.980800
3.265600
3.573400
0.956740
0.055706
4.677600
2.074200
1.554540
4.838800
1.222180
2.458000
2.536800
2.846000
3.426400
2.329400
2.213400
0.245200
2.557600
1.006500
4.413600
1.188180
2.442800
2.610400
1.549680
0.268800
3.969600
3.025800
2.462000
1.778640
0.210160
0.623040
0.552640
3.856000
3.007000
3.770200
1.250640
0.922760
2.260200
2.108200
2.748000
2.214600
2.276800
3.264400
0.503300
3.505600
3.591600
2.916800
2.598800
2.608800
3.517800
2.277000
4.270600
1.463200
1.013980
3.967400
3.733600
0.100516
4.153400
3.587800
2.938400
1.016580
3.850200
0.903160
4.127800
2.478600
3.381200
2.466400
4.797200
2.871200
3.219000
0.410280
2.775600
2.690000
1.376860
1.415180
1.525160
4.122600
1.294340
2.884200
3.629200
4.131600
1.692280
1.016100
4.573600
0.979760
4.992000
3.974200
2.859200
0.241880
2.853600
3.886800
4.346200
4.999000
3.924400
1.710080
2.616000
1.744100
1.736360
1.520440
4.124800
4.107600
1.207820
0.945820
2.252200
1.546800
4.411000
2.819600
0.357920
4.202800
2.753000
1.410280
3.341800
0.540820
0.398500
3.470600
0.052188
4.170400
3.919400
0.085524
2.036400
2.776600
1.616880
1.127880
4.073600
0.042708
4.162000
1.964220
3.502600
2.004000
2.015600
4.711000
2.508600
4.306400
0.178136
3.065600
2.564600
1.065380
1.630020
1.987020
3.911800
3.092400
1.651120
1.844600
1.649780
3.435600
4.454000
1.783640
3.211600
0.981440
3.237400
1.574700
2.945000
1.960880
4.269800
2.864200
2.852600
3.648400
0.619440
1.993860
3.344200
0.777480
2.219600
4.654800
0.080684
3.706600
3.950200
0.609500
0.921040
3.723800
2.527000
1.525680
0.943580
3.679000
3.761400
4.363400
2.890200
4.014800
0.220060
4.394800
0.726300
3.942600
1.378560
0.937260
0.883140
3.777400
2.867400
4.118600
3.692800
0.421560
2.601000
0.264440
1.936420
3.227000
3.761200
0.955580
2.004800
4.823000
2.467400
2.855000
0.880000
4.038400
3.080600
2.410600
4.533400
4.610200
2.145000
4.551600
0.450040
1.577720
2.234600
1.130960
3.598400
0.487180
4.630400
1.497760
2.022000
2.232000
2.193200
1.150620
3.512800
0.405520
1.012320
3.730000
2.139600
2.307200
2.366800
2.122800
3.816200
4.557800
2.322400
1.378420
0.120478
0.568640
0.413200
0.716660
3.055600
2.826400
4.819600
3.316600
3.643800
1.632740
1.568480
4.489000
4.177400
3.576200
3.820400
3.561200
3.315400
0.530660
2.671600
1.706920
3.277400
0.158578
3.531600
3.560400
4.407200
0.823860
3.785600
4.412800
4.375600
0.572620
2.766000
3.637000
2.568400
4.002600
1.564320
0.332220
2.892600
4.509600
3.988200
3.809400
0.863600
4.730400
2.968800
2.013000
1.583400
0.410240
3.826800
1.503920
3.748400
0.425020
4.431000
0.064264
3.469200
1.283020
3.705800
3.973400
1.811840
0.302200
1.373500
0.532020
4.783600
1.563220
4.924600
1.592920
1.965000
1.070900
4.780800
3.491000
0.920800
3.036000
3.555000
3.737800
3.679400
2.063200
4.194400
3.925600
1.675080
2.471400
2.110200
1.889300
2.101400
1.174760
1.743700
0.619080
1.522080
3.418000
4.817000
3.263000
4.492800
0.920200
3.655400
2.874800
0.212460
4.924200
1.541480
3.100200
1.775260
0.641000
2.354800
2.486000
4.235200
0.181512
0.192568
0.043064
1.046020
4.729600
1.074080
4.254800
3.599000
4.150000
4.170200
2.329600
3.665800
2.073800
1.170960
1.539460
1.923480
3.823800
1.322120
1.790260
3.969000
4.468800
1.324820
0.813840
3.124600
0.501580
4.681800
0.146150
2.816400
1.678220
0.047614
4.038000
2.925600
0.665080
4.697400
4.812000
2.558200
2.810400
0.225560
2.799400
3.395200
2.570600
3.029400
0.808900
2.980800
1.134020
4.369200
3.165000
3.754600
3.682000
0.716880
3.706600
4.049000
2.814800
4.959000
2.844600
2.890600
4.057200
2.529800
1.299980
2.003400
1.466240
0.534740
0.529860
3.682200
4.394400
1.469860
2.885600
4.650400
1.139900
2.794000
0.847360
2.671000
0.614120
0.332540
1.656580
1.296080
4.485400
2.066200
1.443080
1.609460
3.373600
3.710200
2.755400
0.914680
2.696400
0.433680
2.082400
0.486860
3.562200
2.636000
3.519400
0.057742
0.818060
3.470200
4.622000
0.404420
0.185968
0.740040
3.654400
4.720800
2.045600
1.971100
2.403000
1.875960
1.294160
2.934600
0.352300
2.274800
3.715600
4.926000
1.322300
2.671200
3.329200
2.935600
2.680800
2.505200
2.889000
1.449040
1.668400
3.489600
3.384400
2.023800
0.577780
0.944340
4.834400
2.482800
2.759000
2.897400
4.265200
1.532260
1.627540
1.304500
3.604400
1.476980
3.369200
0.271260
4.893600
1.515000
2.527200
4.826600
1.435400
0.290800
0.443120
1.941800
3.955800
3.425000
4.686200
1.265700
2.990200
2.797200
0.937680
4.668000
3.700000
3.359400
0.230840
1.825100
0.546480
4.411400
0.695900
3.979600
0.327320
4.769800
4.115200
4.353000
2.538000
1.906220
2.003600
4.438800
0.520620
3.865600
0.587140
4.128400
4.934000
1.366460
3.410600
2.136400
2.301600
3.575600
4.994600
3.959000
4.047000
1.945220
1.473580
2.722400
1.453420
3.912200
4.991000
1.691480
1.846960
0.349040
4.129800
3.130200
0.163806
2.432200
2.412800
2.914600
1.800120
2.551400
2.503800
2.821800
3.578400
4.156400
3.360400
2.790000
3.640000
4.852400
2.799600
1.231840
4.464600
2.804600
0.294620
4.235400
1.487440
4.460200
1.247060
3.044800
2.347200
0.050956
4.412600
0.133792
1.477660
3.989800
2.954400
0.841460
4.971200
4.320800
2.241200
0.611760
4.163400
4.646200
1.294040
2.136800
1.453840
3.136000
0.870620
2.681000
4.700400
3.395800
0.439460
2.313400
0.847340
4.619200
4.315800
1.743360
0.914700
0.537260
2.996400
1.949860
3.692600
1.655220
2.017800
4.263400
3.500600
2.944800
4.689400
0.918820
0.453880
1.304800
0.054306
1.694420
4.522400
2.816200
1.114120
3.640000
2.329200
2.737200
3.929400
0.754740
1.925760
0.285520
3.179400
2.056800
0.312940
2.507000
1.969320
3.050800
4.214800
4.166800
3.358800
4.632800
3.495400
3.105400
2.832400
0.886740
3.063200
4.389800
1.947060
1.858100
4.457000
0.296680
2.682800
2.078400
4.685000
3.961200
3.146600
4.829000
1.091300
1.004720
2.613000
4.172400
3.481200
3.337400
0.500760
2.634800
2.643600
3.554800
1.968620
1.868540
3.376600
0.361980
0.090926
4.936800
1.202960
4.918000
2.506000
3.084800
3.899200
2.645800
2.971400
4.006600
3.651600
3.539000
2.178400
2.938400
0.394540
2.072400
0.626780
0.759040
4.784600
4.730800
4.408600
1.111460
4.701800
1.731200
0.285080
1.403480
3.068200
3.504200
3.135200
2.089000
2.818200
0.117428
4.909800
3.612600
3.200400
1.239420
1.560160
4.367200
0.424020
0.565020
2.131800
4.828200
3.331200
4.104600
3.715400
4.690600
1.281240
0.864980
4.097000
0.409720
1.858180
1.598340
0.172366
3.916200
1.161980
0.221260
1.093040
3.812000
2.226600
4.667800
3.083400
0.510060
2.315600
4.062600
4.629800
0.596220
1.054800
2.638400
3.598400
1.859320
2.090200
3.265000
3.677000
0.907200
4.114400
4.149000
2.161000
1.375120
4.394000
2.663400
4.656600
1.328020
1.192520
2.076600
3.616200
0.504220
0.376800
3.437000
1.985060
1.760160
4.900200
0.728280
4.825800
3.924600
3.683600
1.255740
4.729000
3.513800
4.281600
3.567000
2.098200
4.463600
3.490200
0.666580
1.612700
2.568000
3.920800
0.873220
2.682600
1.876700
2.547400
4.095600
3.033000
4.550400
4.606800
3.949800
3.058200
2.743200
0.281860
3.550000
0.490320
4.328200
0.303280
2.210000
0.753460
0.241260
2.468200
3.085800
2.338000
1.806540
0.189796
4.137400
3.450600
3.292800
0.724020
3.830400
1.248980
4.957800
1.832200
4.041200
2.043600
4.992400
2.005600
0.004843
3.036000
1.482480
3.562800
1.159320
0.062498
2.522600
0.348760
4.055000
1.631600
1.102380
0.127476
4.585200
2.653800
3.626200
2.239800
4.946200
3.807400
0.105874
4.090600
3.305600
4.401400
3.700600
1.752640
0.659840
0.457220
2.511800
0.697160
2.220600
2.736200
0.033062
3.149800
2.472400
1.492120
4.333200
0.282580
0.852980
0.797280
1.961900
0.990500
4.075400
4.256600
3.384000
3.446200
1.189620
1.993120
0.609000
4.276600
4.495000
0.675060
1.826040
4.162400
1.989140
1.603760
4.137400
1.812380
1.452380
0.688100
1.841780
0.444220
2.819200
1.990180
0.162466
2.242800
0.941300
0.813800
3.862800
4.173800
1.959400
3.593800
1.177920
0.345140
1.435200
3.184000
0.745020
0.669780
0.796780
1.696760
4.897000
2.735000
2.558600
1.680840
4.358200
2.057000
3.057000
3.777800
4.436200
0.282720
4.746600
4.115400
3.040600
2.904400
2.062000
3.983000
3.312000
4.942400
4.710000
0.152058
4.571800
0.166364
0.053596
2.233600
3.631200
4.290600
0.329260
1.664600
1.798900
1.767120
1.786220
2.390600
4.527200
4.889000
3.501800
0.153926
4.803200
3.491200
0.969800
3.954400
4.766200
3.654600
0.490620
0.131046
0.074154
4.571200
2.700400
1.780820
2.425800
3.328600
2.772800
3.137200
1.404180
4.622400
4.231800
0.040112
3.085400
3.369800
4.606400
2.282800
1.301280
1.229500
0.617200
1.969980
3.311600
4.419400
3.891000
4.520200
4.781800
4.985000
2.442600
4.911200
2.409000
2.987000
2.421400
4.642000
2.279400
3.940600
1.564960
3.170400
4.608200
3.347600
1.048760
2.507800
2.168000
4.899800
4.645600
4.644800
0.718060
4.354800
4.581000
4.233400
2.676800
1.805480
3.727200
4.881800
1.001340
3.737200
3.184800
3.342200
2.940800
0.117686
3.448600
0.963400
3.671600
4.031200
0.275940
2.111400
4.348800
1.876000
3.120200
2.652600
4.242200
0.082670
2.514400
4.158200
4.055800
3.769800
3.782600
0.648980
1.958120
4.357800
4.530600
4.682800
4.126800
4.960000
3.261800
4.249400
4.341800
3.813600
4.524200
4.937000
3.166400
4.201200
0.214980
0.138830
0.998800
4.649600
3.094600
0.470540
2.236400
2.641000
4.285600
3.313600
4.092400
3.694000
3.142400
1.410180
4.776000
4.401800
1.177200
2.258000
1.213620
2.254400
4.247400
0.518540
3.131000
1.225660
2.048000
3.342200
4.288800
3.386000
0.908280
4.468600
2.042000
1.387900
2.937200
3.595800
0.617480
0.226760
3.067600
0.174610
1.888800
1.339200
3.096000
4.720000
2.934800
2.622200
2.025200
2.633800
0.682940
3.739600
3.324600
3.884800
3.950200
2.739000
1.371720
4.868800
3.150800
3.074400
2.556200
0.422040
1.660460
3.004000
2.581400
2.678000
2.635400
3.706600
2.442400
3.795600
2.848200
3.923400
1.851620
1.165020
1.833700
2.440800
1.706500
3.053200
0.571560
4.006400
4.125800
0.429300
0.098668
3.847200
2.373600
2.048600
0.864040
3.481800
4.165000
1.375700
3.871600
2.304600
0.485580
1.562940
4.421600
3.817200
3.477800
3.889400
1.325220
4.502600
3.946400
0.843800
4.146800
3.286600
1.329020
0.084750
4.361400
2.270600
2.140000
3.913200
0.726260
2.168600
2.797800
1.739680
3.669600
4.731000
1.552820
2.313200
1.960520
3.678400
4.496800
3.593600
1.757300
4.427800
4.835400
4.792400
0.433400
3.830400
3.562200
4.016600
4.604600
1.351940
1.145060
1.831360
3.689600
0.220500
3.724800
4.422400
4.022600
2.764800
0.215180
2.825400
0.719640
0.137804
1.990000
2.391000
3.263200
0.679880
1.252980
1.475580
3.338000
2.719800
2.136200
1.356780
2.706800
3.140400
0.205880
0.194972
4.366600
4.689800
2.016200
4.705600
4.497800
0.703680
1.029880
1.404340
2.054800
3.737800
2.985800
2.675600
1.019040
2.401800
1.266940
1.145000
1.897860
4.282200
1.929340
0.067748
2.128200
3.538200
3.584200
3.076400
0.834160
0.592740
2.522400
1.841640
4.201200
1.277460
4.928400
4.014400
1.737940
2.057000
3.014600
1.476460
0.645380
4.881200
3.749800
4.207200
2.047800
2.541400
4.751000
1.938060
1.106940
0.297840
2.502600
1.556560
4.254400
0.058224
0.715500
0.129264
2.546200
2.913800
1.077800
1.390540
1.436320
4.143600
4.129600
2.136600
4.756400
0.021552
3.619000
4.199000
2.770200
1.256420
3.031200
3.321600
1.091220
0.623620
2.184000
4.056000
3.339200
3.415200
1.642320
1.994740
1.832520
1.582660
3.940600
0.326780
1.350940
1.266660
4.793600
4.651600
3.556200
2.496600
1.543280
2.624200
4.970600
0.588080
2.861600
2.241200
4.226200
2.610600
1.161220
0.466140
2.264000
0.391220
3.080600
0.321280
2.449400
0.956860
2.246000
0.228520
0.884340
4.549600
0.616000
3.516400
1.297400
1.811800
2.743200
0.824300
3.327600
3.949600
1.448520
3.139400
4.098400
0.929060
0.097336
2.715400
1.745680
2.211000
4.806400
1.903900
2.131600
0.364020
2.574400
2.777200
3.148800
1.962240
3.695000
1.275500
4.003200
3.976800
3.865000
4.130400
3.674800
4.259200
2.083000
3.643800
3.649200
0.226060
0.977360
0.661680
0.729080
1.865940
3.778200
3.188400
4.367000
2.449600
1.391980
2.120000
1.865000
0.304900
0.411720
1.096140
1.779100
0.699560
3.488600
0.676420
4.076600
0.592080
1.136400
4.521000
4.900400
2.422000
2.065000
0.892980
4.930400
1.524660
4.355800
1.709000
2.688600
3.831000
1.820740
2.440400
0.950820
1.168180
0.817140
3.680600
1.820740
1.626480
2.365000
3.487400
1.200080
4.692400
4.765400
0.689840
4.834400
1.047940
2.559000
1.546800
3.384800
4.473800
2.362200
3.717400
1.324060
4.191000
1.592900
1.929280
2.479400
3.577800
0.789240
4.912400
4.555200
4.980400
1.443980
0.081926
4.224800
3.695200
4.325000
2.385800
4.971200
3.325000
1.255240
4.072600
1.738400
0.116350
3.265800
4.714000
0.965080
1.575100
0.414660
3.911400
4.051600
3.567800
3.586600
1.775560
4.761600
2.016800
4.928400
0.494740
0.832820
4.538400
2.482800
0.450100
2.532400
4.779800
2.643600
4.059600
0.602880
3.160000
4.060000
0.473720
4.553000
0.059170
4.668800
1.889160
1.517660
3.513600
1.230540
1.708900
3.352600
4.311600
4.758600
0.712900
2.447200
2.823600
0.365820
1.287880
0.269960
3.315600
3.033000
2.698400
0.952580
0.562800
1.998260
0.592260
1.233420
4.006800
3.846000
4.380400
2.848000
1.539340
2.405800
4.046200
1.933540
2.011600
4.139600
0.872820
1.126640
2.247200
0.261920
1.596460
4.663200
4.800200
4.852800
4.335400
0.962500
4.674600
4.112400
1.248920
4.789800
1.826840
2.669800
1.975180
3.598600
2.747800
0.803860
3.796600
4.490600
2.497000
0.478040
3.777600
4.025600
2.767000
3.759600
3.302600
3.181600
4.281200
0.779680
2.812400
2.954400
1.535480
0.561980
1.672120
1.848320
1.289120
2.587800
3.993400
0.977660
4.107200
3.432400
3.912600
3.520400
0.334360
4.560800
1.066780
0.754360
0.273300
1.704780
1.933480
0.148918
0.642560
4.534800
1.439740
4.829200
3.573200
1.585340
1.768760
0.763280
4.325200
3.112200
4.505000
1.516720
3.072400
4.369000
2.237600
2.874000
1.804980
2.018000
4.699400
2.834800
0.599080
1.643820
0.750840
2.103800
3.893600
1.875180
3.182200
1.170640
3.322600
4.213600
1.701020
1.459780
3.168600
3.996000
4.218200
2.866200
4.978600
2.467400
0.348500
3.038400
4.002000
1.277600
1.261680
0.310560
3.300800
4.015000
3.866000
1.999800
3.931000
4.359600
0.813560
1.147880
3.859200
3.385400
0.175440
4.986800
3.429000
2.387800
4.870200
4.129000
4.272600
3.395800
4.165200
2.112800
2.704800
4.618200
1.088440
0.101362
1.736200
2.460400
1.684620
2.925600
3.383000
0.096186
2.260600
0.468380
2.288200
1.821520
0.034920
0.464340
1.247820
3.608800
3.890400
0.391900
1.886620
1.856400
2.407000
2.149600
2.290400
0.087902
1.088240
3.562800
3.865000
4.284200
0.108304
1.615360
0.021950
4.266400
4.460600
2.960400
0.958880
2.021600
4.110400
4.769200
3.787600
0.655440
0.565060
4.183000
4.423800
3.699200
0.230720
4.872400
0.252540
3.569600
0.527160
0.666980
3.885400
1.346580
2.096600
4.532600
4.267000
1.320100
3.628200
1.648540
0.574360
2.339800
2.056600
4.246400
4.339600
1.216620
0.775180
2.376800
1.109920
1.754340
0.263880
1.810720
4.215200
0.187720
1.007560
3.197000
4.755200
4.245800
4.886600
3.874800
1.813840
0.433500
1.570660
3.879800
4.382400
3.546400
3.690400
0.963740
2.198000
1.282060
2.016600
1.995960
3.319000
4.016000
0.660380
0.655840
0.265760
2.121200
3.593800
1.537960
3.963600
0.110780
3.091200
2.633200
3.998000
1.299680
2.182600
1.903660
4.179400
3.205000
4.212200
3.692800
3.019800
0.278000
2.337200
0.080174
3.742000
2.834800
1.040200
1.574480
0.014815
0.050416
1.342920
0.107250
3.829200
4.719800
3.577800
4.096400
0.408320
2.567400
4.064600
3.889400
1.537460
0.908500
3.345600
3.625800
4.728200
0.727020
1.127720
0.315280
2.160200
2.501800
4.491000
4.689400
3.944000
2.190000
0.068426
0.524760
3.667200
3.070000
3.028000
2.800400
4.599200
4.318000
4.350200
3.453200
3.306000
2.616200
2.174400
2.393400
0.913460
0.670980
1.339720
4.380400
1.360460
3.146800
1.721900
2.822400
3.381000
3.061800
3.405400
4.285400
0.755500
0.378100
3.121000
3.788400
0.952520
2.558000
2.361400
0.601360
4.522400
1.099280
4.070800
4.678000
0.147714
3.211000
3.925600
0.266380
2.046400
0.635980
0.522060
3.331400
3.887200
2.892600
1.706580
0.575840
1.848820
2.652600
3.932600
1.518040
2.079600
4.954600
1.232940
4.916600
1.080000
0.587140
2.330400
1.371180
2.245600
3.976800
3.179800
1.249180
1.844100
2.009400
0.005263
1.098320
0.585380
1.860540
2.992800
0.154498
0.346600
0.060494
1.779520
4.815800
1.048900
3.579600
3.641400
1.458460
0.290740
2.659000
0.883600
2.707000
2.146600
0.858260
1.491860
1.711680
3.929400
2.557400
3.478400
0.743600
0.336160
2.608400
1.158100
4.854400
1.643000
2.599200
2.809000
0.139456
2.389200
1.970920
1.198500
4.377200
0.542060
2.137200
4.125000
3.366600
4.257400
4.920000
0.209000
2.488600
4.947000
0.134704
2.563000
1.508160
0.765120
0.459100
0.607840
0.455380
0.719340
2.888000
0.916220
4.523800
3.889800
4.984200
3.925000
1.052960
0.837060
0.155344
4.738600
4.723200
0.813820
3.068400
2.472600
3.273200
3.490400
3.229000
0.646360
4.728800
3.244800
1.780460
2.277200
1.977100
4.256800
3.799800
3.303000
3.472400
3.988400
0.768400
4.749200
3.267000
3.456600
1.548820
0.387320
1.653500
0.838880
4.238400
3.452400
0.619500
1.167780
3.642400
0.297020
3.696600
0.354180
0.751920
1.140040
4.070800
4.734800
1.510940
3.174800
0.999960
4.003800
1.354220
2.691600
2.020600
3.437000
1.821160
2.122800
1.498620
1.374700
0.109904
1.232760
2.479600
3.747600
4.981000
0.667000
4.257400
3.327400
3.983000
0.922920
0.349380
0.404540
3.559800
1.902660
3.119800
3.232200
1.526060
3.006400
2.853000
1.512200
4.284400
2.981200
1.693760
0.845880
4.237200
0.691440
4.085800
4.071800
2.284400
4.344200
1.152520
2.735000
2.634800
0.049602
3.167000
1.138400
4.243800
2.471200
3.205800
2.906400
0.572180
0.058410
2.461200
1.060060
2.285000
3.224200
1.219520
2.104800
0.941180
1.784720
4.001800
1.913940
4.915200
1.963260
3.549000
4.480200
2.154400
3.709600
4.818600
3.492000
3.725000
4.364400
3.761600
1.720660
2.976800
2.776200
0.119496
1.248500
3.656800
2.918400
0.700140
4.392800
4.391000
2.304400
3.824400
4.883600
3.193800
2.098000
2.073600
2.126200
0.511500
4.572000
0.401500
1.533140
4.639800
0.060366
0.867380
1.195480
4.996400
1.871120
4.407800
1.248920
4.227200
3.255200
3.370000
4.363600
1.760060
3.447000
1.620100
3.187000
0.571800
1.032660
1.091140
4.215600
0.872160
0.383680
2.005800
4.007000
3.124600
3.662800
2.564000
0.744100
3.490600
4.326800
3.341600
0.498620
2.762400
4.605600
0.970680
0.427740
4.987800
4.807800
0.770440
2.779200
2.768800
1.926340
4.816200
2.225800
3.060800
3.876400
4.492800
0.909300
1.327840
0.379240
2.750200
4.615000
2.506200
3.169000
0.129486
0.808520
3.561400
0.767980
2.575000
1.560140
0.216880
0.930720
3.576400
0.259820
1.714640
0.362900
2.918000
2.962200
2.353200
2.079800
2.314600
3.455800
2.947400
4.566800
2.462000
3.588400
1.659540
4.870400
3.265400
1.659520
1.027060
3.243400
0.443180
3.120800
1.223200
3.882800
2.805400
0.989020
0.129168
2.850200
1.801700
2.779000
3.270200
3.589600
1.714280
4.862200
4.058800
0.000094
3.681800
2.152200
2.298600
0.071292
0.940580
1.196400
4.641000
1.132860
0.501820
2.045000
2.500800
0.305660
3.207800
1.776840
3.039200
4.112200
2.192200
0.510560
3.081200
4.913800
0.132612
4.567000
4.521200
3.601600
2.391400
2.061600
4.232600
3.879200
4.730600
1.507820
3.706600
2.816200
2.896600
2.838800
4.324200
0.864840
2.063000
3.941400
4.712400
3.271000
1.815640
1.603280
3.755200
0.355380
4.765600
2.720400
2.336400
1.771800
3.016600
1.418420
0.840140
0.381680
0.036236
4.123000
4.228600
3.084600
1.146060
0.128026
2.846600
2.252600
4.935600
3.133800
2.302600
3.418400
4.894000
1.982080
2.489600
3.115000
1.654640
0.709000
0.740700
2.657600
1.683400
3.725400
1.915060
0.160712
3.633600
4.917200
4.538600
0.180186
3.600000
3.376800
1.791720
1.345920
4.102600
4.049400
2.499400
0.480220
2.148200
0.492660
1.450720
4.508600
2.812600
3.525200
3.934800
3.249600
4.165600
2.849200
1.595100
4.551600
3.528000
1.624880
3.767200
1.594720
1.396400
3.140800
0.976360
4.908200
3.229600
3.267800
2.467000
2.187000
4.518200
3.658000
3.091400
2.801800
3.886400
1.461400
0.512100
2.275000
0.823760
4.179200
4.566200
3.157800
1.236300
0.358660
4.520800
0.558560
2.283800
2.046000
0.441880
3.658000
0.898800
1.922400
3.984200
2.627000
3.773000
4.164000
0.163626
0.226460
2.482800
4.497000
2.974600
4.478200
1.359380
2.930000
4.957600
3.063000
0.585360
4.126400
4.468600
1.227060
3.813000
0.131180
1.943680
2.276200
0.734700
4.187400
4.566800
4.318600
4.185000
1.035020
1.371320
2.152400
4.353600
0.184636
4.660000
0.315900
4.883800
2.540000
3.469600
3.503400
1.901600
0.527300
0.329100
3.152800
4.753400
2.897800
3.302400
1.708620
1.016100
4.615800
4.388600
4.438200
3.470400
0.333180
1.856020
3.185400
3.322000
1.758560
4.804600
0.628660
0.385580
1.822960
1.910340
4.543200
2.453600
0.931780
4.437800
4.585000
4.291600
0.784660
2.664000
4.981200
2.756200
3.256600
2.532000
3.235000
3.391000
1.348440
1.457380
2.649400
2.489600
4.539600
3.800000
0.257480
0.249980
1.898120
1.003760
1.884980
4.306600
0.283500
4.579000
0.592180
2.926600
1.560120
2.404600
2.229400
4.145600
3.629200
1.487320
2.728000
2.021200
0.400980
0.292340
2.346000
4.143400
0.469200
1.536620
4.923200
4.529200
0.688840
0.625680
3.206600
1.471640
4.792200
3.168200
3.973400
2.685600
4.255800
2.984200
1.065240
4.708800
1.183880
2.488200
2.329000
3.835800
2.227000
0.391320
2.718200
0.912960
4.160200
2.010400
0.727500
0.610340
0.623660
0.206820
2.714400
4.642800
1.417100
2.666600
0.203320
4.592000
1.518420
1.602080
2.108400
0.982800
2.709000
2.422800
0.513780
2.028600
4.044400
2.989000
1.247180
4.594800
2.160600
4.763600
0.574300
3.241800
4.471600
0.092308
0.991600
1.336280
2.369000
1.764980
1.169300
4.862400
1.258860
3.777400
4.811400
4.485400
2.606600
3.769600
0.330480
3.680200
3.439600
4.111000
3.184800
1.395940
3.576400
3.299800
0.677040
2.518800
1.670580
0.447540
1.773200
4.591800
1.544980
4.179800
3.507200
1.185160
1.714900
3.114400
3.501200
2.378200
3.543600
3.548800
2.496600
4.422200
1.704740
3.429800
3.167200
0.966480
4.988400
4.368600
0.126388
0.526800
0.006153
3.188200
1.025220
2.193400
1.198160
0.506800
1.438500
4.956800
1.740960
4.611600
4.941400
1.440580
2.688000
4.440400
0.645660
0.234360
4.272200
3.641600
0.803300
4.722800
4.202400
3.512000
1.235280
0.534500
3.254600
1.099960
3.268800
1.021780
0.239980
4.718200
4.790200
4.983400
3.580000
2.829400
0.166060
2.533600
3.917200
1.248400
1.818220
0.205020
4.074600
4.956200
2.131200
1.466200
2.652000
2.597000
3.703000
2.088800
3.922400
1.378900
2.428600
2.570800
1.009880
1.923820
4.789600
1.699220
3.255200
3.846600
1.593820
2.381000
1.613980
1.513000
2.169200
2.342000
3.471200
3.765000
0.037330
0.663820
3.254800
3.221600
1.796840
3.698400
4.301200
0.009540
1.573040
2.500000
0.796220
1.017160
4.091200
2.302600
4.208400
1.593020
0.953320
3.314600
1.041820
1.044420
1.759100
2.654000
4.672600
1.752880
4.938800
2.008800
3.209200
0.186052
3.134600
1.776880
0.424460
4.663200
0.201980
4.415000
0.448120
0.510680
2.243600
2.298800
2.094200
3.570800
0.292520
3.562000
1.507600
1.149760
1.810520
3.163600
4.815200
3.648800
0.985300
4.497400
4.283000
1.168020
3.355200
1.579780
3.288400
4.148000
3.730600
1.066500
4.004600
0.219020
4.922800
1.894360
0.649620
3.373000
0.743680
4.557800
3.293600
2.687000
0.328240
1.796600
1.587120
1.544040
0.016091
0.368660
4.997600
3.649600
1.477000
1.847140
0.381900
2.428200
1.338020
2.544800
2.351800
4.127200
3.171200
2.138600
3.619600
3.163400
0.177338
3.731000
2.966200
0.783600
2.186400
1.228580
4.573200
4.089200
3.503400
1.583760
3.432800
0.851780
4.843800
0.661760
4.036000
0.668160
4.430600
3.566400
2.739200
4.635600
1.361280
0.110204
0.410980
0.400140
0.757300
1.437940
2.197400
1.380460
2.022200
4.373000
2.856400
2.154200
3.584600
0.319820
3.481200
3.694200
0.953640
4.069400
4.138800
3.780000
1.628200
3.504200
1.048100
0.859220
0.492240
2.518400
4.172000
4.552400
4.269400
0.017620
2.326200
0.670780
0.956300
3.723800
3.693000
0.531780
3.550000
4.951200
2.088200
2.230000
3.040600
3.052600
3.272600
3.983800
2.622000
3.292800
0.897260
4.147200
3.700800
2.483000
1.296780
2.256000
1.288200
0.324200
3.580000
3.719000
3.316200
1.597700
1.163420
1.948000
1.789320
1.611540
2.589200
3.719200
1.198220
3.918000
2.948200
4.538000
2.755200
4.253800
0.738920
2.634200
4.798600
0.761280
2.137000
2.920200
1.306780
0.089006
1.224460
4.210600
1.248840
0.670860
2.434400
0.468020
1.924260
2.852400
3.515400
0.882380
1.720300
1.029460
3.677000
2.836800
1.619880
1.537140
1.586460
2.142400
0.108818
3.231600
1.437760
0.816000
1.168280
1.207320
3.559600
4.125200
3.461400
2.766400
0.514460
1.229240
0.044184
0.439960
2.200000
1.127640
3.889200
2.150000
4.115200
0.638760
3.119800
1.337540
2.522400
4.076400
2.837400
0.762380
4.207200
4.500400
0.727440
3.793400
3.691000
4.447400
3.336000
3.473400
1.949740
1.029220
0.547820
0.369540
1.069120
3.522800
3.717200
4.938400
4.420600
2.593000
3.305600
1.100700
1.026180
2.553800
2.277800
3.565800
2.689200
2.675400
0.981560
3.095800
4.199200
1.351640
4.052800
1.230740
1.389840
2.162800
3.728600
1.442300
4.628400
4.967000
3.515200
3.852600
3.697600
2.744200
4.213400
3.579800
1.121520
1.167820
3.420200
0.701740
0.213840
2.514800
4.285200
2.023600
4.842800
4.998000
2.384600
0.607760
1.133500
2.244000
0.279500
0.909460
2.331600
2.602800
2.796800
2.108200
3.644600
3.851400
4.683000
3.344400
4.750000
2.938800
1.467100
2.363800
0.072556
0.075206
0.773600
2.527400
4.867200
1.675240
4.942600
2.640000
4.639800
4.891000
3.018600
1.781680
3.171400
3.116400
3.604200
2.241200
2.616800
0.240700
4.643000
2.643000
3.428200
4.169600
2.740600
3.859000
3.018600
1.754560
3.865200
2.801400
3.969200
4.946400
0.954160
4.599600
1.786240
0.263080
3.009400
0.740300
1.925560
4.808000
0.570120
4.554800
2.389000
1.122220
0.942280
4.710800
0.502360
3.810200
1.599120
0.537960
4.374800
1.953180
1.659800
0.640800
4.807200
3.286000
2.055000
1.534300
4.291400
3.947400
2.395800
2.341000
4.851800
3.476200
0.359480
2.445400
4.119400
3.752800
3.140200
2.346400
3.712600
3.801400
0.826760
4.087400
0.221480
3.664000
4.526000
4.889400
2.401600
0.203200
1.717420
1.322840
4.847000
4.099000
3.889400
2.541800
0.765200
0.085974
3.608600
1.137140
1.590720
3.286400
0.485820
0.801740
4.976000
0.715040
0.595600
4.246000
2.332800
1.999500
2.118200
3.354000
2.665200
0.172052
3.587800
1.492780
3.711600
3.712000
0.238340
4.016800
3.059200
1.594580
4.136800
1.487860
4.321200
4.312000
0.512440
2.556000
4.941600
0.226160
3.369200
2.452600
0.216640
1.081140
3.075200
3.690400
2.241800
3.838000
3.113200
0.624960
2.205000
2.722200
0.271880
1.370300
0.686040
1.047260
2.193600
2.355600
0.747380
1.791060
1.146260
3.018800
4.066600
3.241000
4.863800
3.847600
4.153000
3.772000
3.274000
2.726000
2.845800
0.363080
1.617980
3.148000
3.433800
1.208800
3.643000
1.945800
3.975000
4.703200
0.303520
3.399800
3.352600
1.170120
3.036600
0.941300
3.564200
0.606000
4.838800
2.149600
2.496600
4.897000
1.887320
0.588720
1.745280
0.383640
0.382840
2.101800
2.338000
0.686480
3.260000
4.900600
2.940200
1.203420
1.949420
2.379600
2.187800
1.710360
0.062892
0.189904
3.752000
0.396360
1.630560
2.312000
2.673600
4.572600
4.652600
2.696200
0.535980
3.637200
4.604000
1.297960
3.585000
1.168560
2.788000
3.406400
3.473000
3.151600
3.762200
3.142600
4.797600
2.652400
0.087026
2.278800
3.863200
4.076200
3.164400
3.996000
3.444800
1.741080
0.598300
0.006342
0.826200
0.686600
1.969160
4.549800
4.545600
2.738200
1.396200
2.761200
1.236760
1.863780
1.833200
3.336200
1.935320
3.034200
1.021680
3.278800
1.728900
4.961200
3.358800
4.212400
3.457800
1.992400
1.059960
3.185200
4.248200
2.605200
1.851960
3.289400
2.550600
1.126060
3.700000
4.094000
1.419120
1.788800
4.566200
4.769600
0.233340
0.124358
2.369000
3.339800
4.353800
2.754800
3.435600
1.630740
4.808600
4.388200
0.587440
0.662440
3.351400
4.530800
3.899000
1.680360
2.310000
4.356200
3.719800
2.164800
2.907600
1.489560
3.520800
1.949820
3.957400
4.529200
3.669400
3.257600
1.783480
4.379400
4.444600
2.026400
2.314200
4.572000
3.739600
3.643400
4.998200
2.774600
0.923240
0.975680
0.196984
0.324480
3.182400
2.897600
0.214160
0.298840
0.030034
4.201400
1.391380
1.232500
0.083696
2.483800
2.498600
0.224740
2.368200
0.492620
2.277400
2.811800
2.561400
4.876000
2.702400
2.263400
3.974400
3.548400
3.605200
3.501000
2.094200
4.685600
0.743860
2.088800
2.171200
0.037468
0.126924
4.904400
2.235600
1.906200
3.300600
2.875200
1.282320
4.894600
4.427200
3.604200
0.934760
1.218520
2.144800
1.405960
3.458400
0.414880
3.863200
3.392200
0.918340
3.723200
2.114400
0.822860
1.298260
2.795200
0.590100
1.521100
3.912800
2.174800
4.491600
4.273400
1.367940
3.279800
3.623400
0.502180
4.286800
3.075200
4.320600
0.557700
2.305000
4.000000
1.132900
0.214600
0.260160
3.636600
3.256800
1.378020
4.946800
4.831600
4.377400
4.744400
3.015800
2.122400
2.594600
0.399900
3.504600
4.335000
3.196400
0.259680
1.385560
2.276600
3.699400
0.540500
1.591360
3.873200
1.512600
1.203040
3.025400
0.020778
2.505400
1.335820
0.559980
3.508000
1.688380
4.064000
1.720700
0.549520
2.740600
0.318900
1.675960
4.224800
3.706400
3.099000
2.569600
4.259000
4.566200
1.518480
0.993820
3.764400
2.454200
3.755800
2.057800
0.815120
3.693200
1.512980
2.702200
1.467140
4.672600
2.823200
3.197000
2.110600
2.916200
0.930980
2.364400
3.845400
1.051520
3.649000
2.968800
4.659800
4.939400
3.129600
0.620560
3.801400
3.297400
4.675000
3.258800
1.517500
3.453600
3.276800
4.413600
0.853860
2.616000
1.426480
0.643820
1.634840
0.850360
2.154000
3.813400
3.001200
2.511600
2.801000
4.044000
4.812000
4.969400
1.503500
1.260300
4.905400
0.173278
1.353160
0.839680
0.178736
0.042958
0.973440
1.420080
1.710500
4.209200
3.800600
0.152444
4.862400
1.971520
3.831600
1.076420
4.901000
3.700400
1.691820
4.251400
4.102400
3.373800
1.285020
0.692800
0.740960
1.464080
4.270800
2.912000
1.600340
2.193400
3.140000
3.776600
1.418420
1.973600
0.846360
0.881540
4.182600
1.408580
2.928800
3.093200
3.579400
0.326580
1.847080
0.996500
1.479640
1.074560
0.418140
4.443200
0.804700
4.231000
3.254400
2.096200
1.410940
2.432200
4.536000
4.419200
4.272200
0.097016
4.481200
0.843100
0.674140
0.511940
0.650160
1.866280
0.628860
2.584400
0.695420
0.977340
0.341420
0.199228
1.934160
4.084000
0.088852
0.939780
4.230800
4.438800
4.624000
4.062000
2.709400
1.746040
1.404040
2.445000
3.947800
2.141400
4.528600
0.596060
4.812400
0.136818
3.830200
3.621800
2.229200
2.058000
4.473800
3.577800
2.887800
2.055200
2.906400
2.833600
2.418400
3.421000
4.270400
2.705400
0.575320
3.721800
4.658000
1.404620
3.826200
4.527400
0.989280
3.896600
2.925600
4.615200
3.988200
2.130600
0.386180
4.722200
2.785200
3.074400
4.879200
0.035936
0.978120
4.421200
3.400200
4.952000
2.925200
4.537400
4.283000
3.519400
4.775200
0.865620
4.051000
2.488400
3.060800
4.000200
2.438600
2.517800
0.812800
0.568720
1.150700
2.285800
3.489000
0.671700
0.603420
4.241400
4.138600
4.629000
2.550800
4.695000
3.408400
4.971000
2.060800
3.591400
1.656020
2.053800
4.550400
3.779800
0.379400
1.899700
0.502500
1.940260
1.078980
3.750400
2.460000
4.472600
2.718200
0.389120
3.059600
1.434100
0.191948
0.966460
0.700940
1.002260
0.326460
4.626800
2.661000
1.202380
3.471400
0.855800
1.804980
3.283600
3.501800
2.233200
1.166440
0.588460
4.739200
3.909600
4.718200
3.430000
0.540520
1.019940
1.939640
0.103110
1.722200
2.604200
0.462260
4.914800
0.866200
3.140200
0.805040
0.465600
1.249100
3.865400
0.871240
3.964600
3.155400
2.760200
2.973000
4.463200
1.742420
0.357220
4.803400
2.627400
0.583540
1.070460
1.985300
1.395520
1.040120
3.289400
0.368760
3.818600
0.737380
1.906200
2.333200
0.731300
4.689800
0.303300
3.772600
4.899200
2.440200
2.555600
4.327600
4.065200
3.578600
4.924000
0.718160
