1.844220
1.231760
0.175558
3.697600
2.627200
3.672800
4.493800
3.571200
2.098600
4.780200
2.558200
4.103000
1.968200
1.568220
1.039420
3.030800
4.107400
2.907800
3.092400
1.914860
3.797600
4.999000
2.213600
4.467600
1.575540
4.435600
0.482800
4.381600
4.145200
3.487400
1.956980
4.768000
2.675200
4.055800
1.324020
1.906180
2.004600
3.681800
0.815420
4.994200
4.810000
4.504600
3.257200
3.108600
1.015300
4.443200
3.519200
1.724220
3.968600
1.860100
2.717600
4.149200
2.415200
4.270400
0.429640
2.607800
0.486080
0.311900
1.542880
0.651840
0.516760
3.544800
3.189800
3.092000
2.304800
2.385600
4.752200
4.907400
2.132000
0.779700
4.402800
0.743780
4.945000
4.061800
1.886220
3.542800
1.181620
1.001440
3.287000
1.637680
0.432840
2.653200
0.834620
2.148400
4.946800
3.947200
1.232340
3.112000
2.138400
4.197000
1.399380
4.559800
0.249660
3.075800
1.132840
4.697800
4.453800
0.521560
2.177400
2.055600
3.931400
4.178600
2.180200
1.892420
1.672500
0.858760
3.197600
0.974620
3.661200
4.446000
3.426000
0.130150
1.488820
3.812800
2.056200
2.966400
0.806480
1.075180
4.808400
4.985800
4.788400
1.447000
0.487320
2.196800
4.461400
0.941120
1.594740
0.126826
3.078800
2.340600
3.020000
0.246320
2.520600
1.286620
1.528840
2.464400
2.460000
3.940000
1.600000
4.520400
2.573200
2.597200
0.864440
3.912600
1.970400
3.120200
1.587780
2.744800
1.621820
4.126400
1.083260
2.241800
0.127736
4.565600
1.150240
1.573480
3.939000
4.525800
4.382600
1.599480
3.991000
0.563500
4.683800
1.903640
4.113200
4.648400
0.394580
3.368200
4.649000
2.333200
4.549000
3.947800
1.340820
1.132760
4.222800
2.405000
1.531540
3.503400
1.995300
2.302600
4.847000
3.073000
4.496400
4.363800
2.076400
0.880940
0.795120
0.657900
4.808600
0.729080
0.597420
2.489400
0.939380
4.036600
0.479340
4.767200
3.111200
3.164600
3.146600
4.331800
3.268000
0.293560
0.373160
3.026600
2.992200
0.280840
4.009800
2.815600
0.039660
0.671240
4.944200
0.602860
3.980600
4.044200
1.196260
1.396220
3.153200
4.716600
1.294020
1.822020
4.458800
4.547200
2.736200
4.381400
1.095580
4.219400
0.126876
4.130400
2.827200
2.885600
1.574260
2.752800
2.203800
4.581400
1.626280
3.387200
1.106140
2.829200
4.885000
3.124800
2.486600
3.946400
3.687200
4.708600
1.951000
4.158400
2.603400
4.906200
0.755720
0.194466
4.250000
0.953520
2.605600
4.132200
3.002800
0.225140
4.414800
2.410400
1.819060
0.267160
1.645760
1.657760
1.681920
4.811000
4.464400
2.177000
4.873600
1.741460
2.241400
2.094600
4.064000
3.955800
0.472140
1.607680
2.029800
4.367000
0.508320
3.183400
3.376600
2.156400
1.173520
0.975640
1.269820
4.576200
3.937600
4.553000
3.240200
4.628400
3.485000
3.771800
4.443200
3.469600
1.125720
4.494000
4.854000
0.165564
0.628080
4.710400
2.206800
1.404640
3.746800
3.965600
2.828600
4.632400
4.843200
1.569420
3.970400
3.588000
1.370960
2.799000
0.638160
4.803600
3.388800
3.110400
0.159938
4.764800
2.772000
0.468100
3.200200
1.810400
3.312200
4.266800
0.418280
3.212400
2.826800
0.274680
0.832180
2.524800
1.118220
2.398000
1.343880
2.478000
0.068820
0.131376
1.577260
3.084400
2.783000
4.915600
4.145600
3.173400
1.566900
4.686200
1.760040
1.448220
1.703700
0.312160
3.198600
1.052700
4.963200
2.151200
1.686280
2.657800
3.627200
1.760360
3.375000
0.239500
0.099592
1.701880
0.528940
4.129000
0.858040
1.146400
1.743380
2.307200
1.591200
3.118600
4.261200
0.464240
0.598880
3.400800
2.244400
0.625540
0.240340
4.783200
4.034800
1.255060
3.167600
4.617200
1.266840
3.939400
3.460000
4.124600
1.569540
4.299600
3.791400
1.216040
1.153860
0.230020
0.672820
2.771200
1.282100
2.213600
2.287600
3.245800
4.309600
2.582200
0.447700
0.043454
2.786200
3.123000
3.578000
0.832120
3.380800
3.601400
3.724400
0.743860
1.976140
2.797200
0.630180
2.707200
4.333200
3.781000
3.933000
0.637980
1.949220
0.121774
1.329720
4.953800
4.128400
4.916200
1.134600
3.187000
4.926000
2.976000
0.479800
4.733000
1.150120
1.962180
3.233200
0.804860
4.464000
0.397520
0.330700
2.865200
3.470200
3.560800
0.573100
1.840060
2.158800
3.723800
4.050800
1.208620
1.653580
1.549460
0.714360
1.467160
1.545060
3.837200
0.089536
3.862800
3.232600
1.960400
4.211600
4.497600
0.623980
2.212800
4.627400
3.173800
3.117000
0.234560
1.687140
2.396200
4.716400
1.868200
3.699000
1.307340
2.739200
2.765000
0.559080
4.198200
3.441200
0.098524
3.728000
1.378800
2.357600
1.865320
4.404200
0.474380
1.777320
0.863780
3.936000
0.056316
2.327600
1.254880
1.365800
2.849400
2.681200
0.988160
3.290400
3.468600
4.553600
2.274000
4.581000
1.849460
0.680800
0.585960
1.213200
3.754400
2.784600
2.493600
3.379400
3.085400
1.169500
0.637460
0.770800
4.089200
3.612400
2.670400
4.659600
3.182400
3.967400
3.377800
4.971800
4.848200
3.201400
2.354400
4.508200
1.476340
0.814600
4.405200
2.418600
2.751400
1.712140
4.456800
3.582000
1.285920
2.930400
3.929400
4.705400
0.891080
0.814880
3.930200
1.211140
1.472420
2.667600
3.762000
1.738300
1.257660
4.822000
1.548500
0.005547
4.433000
2.268000
2.118600
0.562020
4.249200
2.536400
3.531400
1.774260
4.719200
0.270780
1.577980
3.556600
2.161200
4.509600
4.591800
4.436200
2.302600
1.505980
3.470400
4.026200
3.473000
3.211400
4.822600
1.463680
4.583400
1.509200
1.441660
1.532580
1.271120
0.609620
4.966800
2.787000
0.441100
3.395000
4.086200
1.201340
3.870400
4.706000
1.387580
1.606100
0.646620
0.232720
4.675600
2.090000
4.325000
3.885200
4.009200
2.816800
2.882400
2.858400
2.219000
4.138600
3.813200
2.712400
3.554800
1.678100
1.051080
4.667600
4.302000
0.865740
1.063860
4.766000
1.343240
4.165000
3.748000
0.532120
4.107200
4.630000
0.276780
3.894600
2.589400
2.316800
1.680620
4.424400
2.228600
3.532400
1.963760
4.576200
4.899800
1.333720
2.257600
0.020036
0.235320
2.717000
2.057400
3.358200
4.883600
4.269200
3.325200
2.692400
0.365240
0.421860
3.615800
3.406200
0.032252
0.894980
4.901200
2.409400
0.575440
3.479800
3.145000
3.750400
1.231600
0.121944
4.324000
0.011802
1.492220
3.598200
2.576000
2.137800
1.261180
1.091440
0.202660
2.120400
4.523000
3.032000
0.334040
0.955560
0.688220
3.621800
3.191400
4.154600
0.365700
4.830200
2.759600
3.560800
4.573800
0.908460
4.617400
1.011680
2.746200
4.357200
4.956000
0.204320
0.948700
3.221400
3.292400
0.001106
0.728000
4.317800
3.999400
3.643000
3.405600
4.161400
4.173600
4.228800
1.064860
4.028400
1.857540
0.478540
2.067800
4.020800
3.300000
4.465200
2.185400
1.259320
0.238220
1.059240
1.857900
0.075214
0.248960
3.284800
2.145000
0.258080
1.106140
1.207660
1.849520
2.073200
3.857400
1.696700
2.893000
4.199400
2.756000
2.854800
0.577100
3.176200
1.181040
2.677200
4.481600
4.636200
1.433380
0.130060
0.349700
0.028120
2.597200
0.507740
0.682340
3.652600
0.155900
1.119360
2.038600
1.402220
1.857100
2.775400
1.077400
4.931600
4.854600
2.862200
3.937800
0.467000
2.656600
4.609000
4.924000
2.710600
0.375800
2.947600
4.568200
2.420800
1.449780
2.127200
1.962980
3.241000
1.312540
0.513580
0.014433
2.909400
3.072400
3.042200
4.987000
0.739720
1.064180
4.526400
2.756200
2.721200
1.539600
3.634600
4.758000
2.352600
2.981200
2.909600
3.572400
1.224500
3.995200
4.815600
0.427820
2.264200
1.232300
4.436200
1.518960
1.208240
0.704100
1.624260
0.958740
0.117928
4.521800
1.463180
0.667060
0.716860
3.669800
2.084600
3.306400
3.962400
2.514600
3.283800
1.043840
3.754200
1.333400
2.409800
0.919800
0.136620
2.409600
2.159600
3.151000
0.657240
0.026294
2.926800
3.896400
3.617800
4.891200
2.421200
3.548800
3.489000
2.770400
4.402400
2.374400
1.504180
2.316400
1.777440
3.404800
1.403620
2.808200
1.304720
3.759400
3.858400
2.276600
1.119740
2.131000
2.338400
0.390240
0.006616
0.422000
3.939400
1.565980
3.282200
4.955200
0.493220
2.727400
0.945740
1.937320
1.740800
2.145800
1.719680
0.077518
3.369600
2.940600
0.060306
2.805000
2.040800
0.466540
1.139880
4.849400
2.891400
1.317000
1.905660
2.222400
0.963540
3.735000
0.906340
4.712400
1.392880
3.317200
3.372200
0.819420
2.540600
1.668060
1.744560
1.244180
4.055200
1.910000
0.213520
4.371000
3.200400
1.044220
2.470400
0.436340
0.096274
2.235000
0.206080
0.591660
2.590000
4.870000
3.002600
2.595200
0.127184
1.360200
1.078520
2.469000
3.083200
3.362000
1.303980
1.723700
3.616800
0.832940
0.642380
1.374280
3.028000
1.736900
3.108800
3.809800
0.125696
3.306800
1.687680
0.484380
2.776000
1.747360
2.540400
4.860800
0.336740
2.695800
0.229500
1.234520
2.786200
1.298060
0.511300
3.044400
3.136600
0.873740
1.759240
1.985520
0.735300
3.097200
2.358800
0.076760
2.117200
1.312360
2.926000
2.692200
3.941400
3.924800
4.624200
0.117534
4.326400
4.418200
1.390000
2.164200
1.009840
1.040500
2.292400
3.387600
0.684360
3.738800
0.586660
2.821800
2.357200
4.668600
0.276120
1.416840
3.930000
0.198186
0.835100
3.877000
1.563620
3.765200
4.532800
2.046000
4.916800
4.213000
4.249800
2.093200
3.043800
0.421760
0.476480
3.405600
4.947400
3.079800
4.931200
0.300160
2.235200
4.715600
1.584620
2.419200
1.369720
0.732740
0.942300
1.664220
0.770600
1.780260
1.253260
0.633680
2.255600
4.392000
2.824200
0.410440
2.318400
2.180200
3.826600
0.677980
2.493800
2.032800
1.338700
3.223600
0.757040
3.433200
2.806000
1.616680
1.624580
4.151800
2.799200
1.604320
4.638400
4.251400
3.005800
0.395680
2.694800
0.082812
2.716800
3.138800
3.617800
1.713480
3.761600
3.982600
0.403260
4.651800
1.091020
0.424820
3.497600
4.759600
4.349200
0.781500
0.450100
0.462520
1.815960
3.925600
0.011420
3.520200
1.725580
3.978000
2.823200
0.322020
0.324280
2.201600
1.060000
3.634400
1.535020
0.819280
2.469800
0.284640
2.660800
2.249800
0.143126
1.926060
0.419720
2.549800
2.223000
0.823820
3.214200
0.439780
4.055800
2.631800
0.760880
4.981600
2.408800
1.843960
2.180200
4.074400
2.258600
0.736280
4.382200
2.156800
1.099580
0.721840
1.247280
4.318600
0.036314
4.461400
1.228580
4.891200
3.443000
1.367660
1.020860
3.089000
4.367600
2.021800
3.865600
2.448000
1.079140
0.360680
3.259600
3.490600
0.705980
1.429620
1.657420
1.549560
0.259360
4.726000
4.161200
3.058200
2.473800
1.484760
1.753240
1.925580
0.980600
4.193600
2.282600
4.500000
3.705600
1.627360
3.495800
1.595740
0.298060
2.212800
3.802000
0.587440
4.358400
0.392800
1.987820
4.802000
0.785800
4.627400
3.885600
1.490920
0.882000
1.387080
0.182690
3.928600
4.319200
1.329280
4.269000
0.555340
2.993400
3.256000
1.063400
4.533600
2.479200
0.098144
2.935800
0.245980
1.644360
3.429000
2.774000
3.407600
1.535700
4.232400
3.914800
1.121960
3.258200
4.745000
2.346400
3.287000
0.333400
1.597880
4.060400
2.694200
3.251800
0.493400
1.019260
3.459000
0.594880
1.779780
1.245540
2.973200
4.068600
3.685400
3.420800
1.974520
0.045002
4.849800
1.736240
4.438000
0.990720
4.636400
1.098820
4.439800
1.543280
2.236800
3.286400
3.151800
0.571640
3.018400
0.966300
3.106600
3.233600
1.074460
3.757600
1.600200
4.593800
2.019600
0.832260
1.775140
0.376520
1.910440
0.395920
2.254600
0.358880
4.270400
1.847920
4.182000
2.696800
1.043780
2.435000
2.180600
4.991000
0.722620
3.160400
3.919200
1.193040
3.587000
1.186840
3.642400
0.367700
1.556360
0.226620
3.384000
4.584400
1.938040
3.269400
1.403100
2.887200
3.649400
2.474000
0.750300
3.034800
3.864600
4.387000
3.041400
2.680200
4.739000
3.486200
0.619880
4.082000
1.309280
1.399900
2.196800
3.709400
4.020800
0.006653
2.749000
1.326300
2.305600
4.473200
3.377800
2.717400
1.716160
2.176800
0.112064
2.679000
4.283400
2.699600
0.309240
0.791600
1.368380
0.596460
0.658360
0.179452
2.480600
0.322860
1.769540
0.921760
4.949200
2.449200
3.640400
4.030800
3.744400
4.685200
1.772100
3.482600
0.543840
3.978600
2.155200
1.089460
3.879800
3.367600
4.370000
2.762600
1.074200
4.317400
0.441400
0.366020
0.838980
3.681600
2.628200
1.554140
1.398100
1.852500
2.190800
1.037160
2.056000
2.869800
4.802800
4.941200
3.872400
1.884380
0.923780
4.714200
2.744400
4.908000
2.076200
3.983600
4.826400
4.851400
0.240740
2.275400
1.751980
4.606400
2.763000
3.139400
0.808540
2.263200
2.008200
1.287540
3.682400
2.163600
0.756520
4.707200
1.792900
3.287800
4.955400
4.692400
3.629200
1.840700
4.057600
1.749580
0.048590
0.719120
3.948200
3.116200
3.286400
2.309800
0.475760
3.422400
0.133556
4.190000
3.742600
3.525600
2.443200
4.253400
3.748600
1.449100
3.071800
1.813820
3.193200
1.225600
4.575800
1.509520
2.931600
2.066200
0.880120
1.349020
4.207400
1.190560
1.699840
1.345180
4.914200
2.321000
4.781800
0.413000
1.866100
1.523980
4.134000
3.294400
1.726500
2.529000
0.971900
3.758600
4.581600
4.752400
2.708200
4.727800
3.396600
3.803800
4.861200
1.372060
2.582600
2.595200
0.510120
2.427600
0.698480
4.574800
3.606000
2.702800
2.190800
0.701760
1.424560
0.230940
0.583900
0.084374
0.915520
1.468060
1.802960
0.576400
3.458400
0.303100
1.516580
0.500500
0.997940
0.293760
3.730200
2.023400
1.468400
3.447800
0.287620
0.172838
4.607400
0.964120
0.778860
3.187800
4.753200
4.515800
4.298800
3.402800
1.614620
2.797600
3.020200
1.705220
1.101540
0.409380
0.145256
0.639780
0.338860
0.243100
1.796360
4.546200
1.896060
3.471000
0.100474
0.082636
3.096400
4.599000
2.586000
1.038840
3.766200
4.601200
2.404600
2.982800
4.986800
4.160000
0.584520
4.921600
2.747400
1.360180
2.202200
0.364340
4.878000
3.262600
1.410880
1.558420
1.743480
4.217600
0.783760
0.307920
2.638600
4.185600
4.500400
1.259280
4.874800
1.493160
0.295820
4.137200
4.777600
0.561160
0.389660
3.180000
2.307800
2.905200
3.299000
4.170000
4.020400
1.964120
2.945600
2.937600
1.755140
1.578960
0.119014
4.772600
0.375440
1.018680
4.328200
3.888200
4.022200
3.432600
2.065400
4.005200
3.778200
2.491400
4.274200
4.474000
1.264740
2.914800
2.418800
2.136600
3.122000
4.704000
4.814600
2.521600
3.846400
4.778000
1.038260
4.594000
1.751500
1.597000
2.931800
3.206600
2.982600
3.393200
0.443280
0.504980
0.794000
2.784800
1.568280
1.343220
4.140800
0.705120
2.307400
4.979200
0.081524
0.584420
3.129800
3.237000
2.665400
4.142200
4.998400
3.504200
0.064988
1.708480
2.330200
0.260360
4.669000
3.203000
0.884480
3.135600
0.785920
0.931280
2.380200
4.748400
1.232400
0.757940
4.562000
2.368400
1.985740
0.688000
0.168298
0.983320
2.114600
2.684200
3.681800
0.069140
2.280200
0.063796
1.966480
0.734060
3.078800
0.021650
2.707600
1.452460
4.682000
4.552800
2.298200
2.362600
2.536200
4.477200
3.577400
4.525200
2.318200
4.698800
1.109440
2.373400
1.801300
0.109552
2.950600
4.339400
3.144800
4.731000
2.350800
0.862640
4.686200
0.707160
3.923200
4.951400
1.809860
4.411800
4.573200
2.705800
1.865280
1.731760
3.489400
1.699100
2.561800
4.882800
0.181936
3.711800
1.943340
2.076400
0.661080
1.004040
4.394400
4.326400
4.383400
3.105400
0.180776
0.743320
3.410000
0.738780
3.526400
4.647800
0.394660
0.925080
3.961800
1.843140
0.878420
3.671200
1.063100
1.027340
1.852140
1.145060
2.107600
1.671040
2.034400
2.042600
3.622600
4.636600
2.659800
2.027800
0.034744
2.566000
2.398800
0.593460
4.906600
0.612680
3.662800
3.962600
0.431780
3.104000
1.428340
0.038900
4.439600
3.869600
3.966400
4.606400
2.349800
1.042560
4.946800
1.816400
4.918800
2.316000
0.228700
2.147800
3.011800
0.270080
0.781900
1.834240
2.014800
4.133000
4.266600
1.836460
1.503080
3.559800
0.632740
4.389200
3.775800
4.393600
1.339860
2.900200
0.872100
2.166600
1.655560
0.356680
1.731920
0.273900
2.765800
1.553120
4.767600
4.199600
0.042054
2.727000
2.636600
1.383380
3.133200
3.915000
1.097500
1.370960
4.571000
3.681600
2.487600
2.066400
4.874000
3.977400
4.201200
0.869440
2.613600
4.527600
2.509200
3.925800
3.367400
1.703500
4.030600
2.928600
0.742580
2.409200
2.096600
1.105220
4.237200
4.373400
4.554400
1.092080
1.866200
3.704400
4.105400
1.406040
3.919600
3.024800
0.024210
0.263680
2.311000
3.719000
0.572360
1.078660
2.562400
3.852800
2.019800
1.924340
2.323200
2.001200
3.567000
3.002200
1.742780
1.878040
2.290600
3.031800
3.382600
2.975600
4.627800
2.279400
0.151820
2.812000
0.093974
3.173800
4.937000
0.913680
3.833600
4.099400
0.119428
1.472960
2.189200
1.233720
2.369000
0.518780
3.773400
0.439020
0.825940
4.532600
0.727680
3.072200
4.118800
2.579000
2.935800
0.994020
3.616000
2.982800
3.327800
3.440600
1.902140
1.357260
1.532680
4.510400
3.959600
4.740400
2.463000
1.920400
3.762000
4.747000
1.369520
2.049800
1.720220
2.270200
3.368400
3.350200
0.996900
0.703020
0.005925
0.964600
3.963400
1.588620
3.565200
4.382600
2.316000
3.679800
0.439500
2.127000
2.374000
4.702600
4.296600
4.193400
1.662640
0.767400
0.398180
2.386600
3.938400
4.950600
3.239200
2.748400
1.077120
3.705200
4.203600
1.691360
2.007800
3.204800
1.836960
1.046240
3.848400
3.600000
1.486220
3.840800
3.251000
3.019400
0.974340
2.216600
4.541200
4.862600
3.455000
1.128960
4.535000
2.960200
4.272000
4.157000
2.246200
3.182000
4.343400
4.534400
4.229600
1.224080
4.074400
1.240960
0.825080
2.389800
1.744020
3.033000
4.270600
4.853800
4.389200
2.535600
4.059200
2.536200
1.723280
2.352200
3.966600
4.138000
3.756800
1.859640
3.165600
0.613580
1.003580
0.718220
2.178200
4.798200
3.215000
2.736000
0.599660
3.374400
4.420400
0.424560
0.033822
4.418600
1.230660
1.047540
3.555400
3.625600
1.625380
1.860640
4.448600
3.707600
1.647040
0.754540
4.360800
1.926600
3.707400
0.288500
2.618800
3.017200
0.614200
4.646000
4.394600
3.433800
1.597720
3.255200
4.940400
3.293000
1.471660
1.603660
1.222360
2.397800
3.349400
4.917400
3.350600
4.750200
1.788500
0.816060
3.002000
3.695000
0.331680
3.100400
4.075600
3.236400
0.914120
4.783400
0.159224
0.002686
0.796660
2.907600
2.644600
2.802000
0.136288
4.558200
1.666140
3.442200
2.125400
3.808800
2.912000
4.601000
2.023800
4.519200
4.593600
3.178400
0.615520
2.747000
4.831400
4.066600
1.633180
3.140800
2.103000
2.298600
3.392800
1.116200
2.924400
3.118800
0.972580
1.821320
1.109060
0.193582
1.873400
1.977060
4.496800
2.953600
1.638200
2.309200
4.670400
1.790980
3.389000
0.282880
2.435600
2.838000
2.641600
1.887340
3.950400
0.543100
0.204200
4.688600
1.435980
2.141200
4.797800
0.699060
2.735800
2.590800
1.387960
0.813780
2.855400
2.815000
4.691000
2.902200
3.585200
0.156334
1.513380
2.936000
2.322800
3.304000
0.975980
1.851080
1.883580
0.709960
1.029360
3.903800
0.308680
0.256160
0.664880
1.751440
4.859400
3.759000
2.754400
1.908380
2.826000
1.291060
3.660400
3.991800
2.826200
3.616600
2.065000
3.783800
0.181540
0.467480
0.225920
4.618600
3.910200
4.802600
4.080600
3.583800
2.510000
1.638720
2.243200
2.379200
0.770020
3.458600
2.610400
1.676680
3.904000
1.449880
2.110200
0.969160
0.981940
3.282600
2.520400
3.866800
2.632200
1.693600
4.477200
1.943900
4.310200
0.515940
0.896760
2.678400
2.358600
4.613600
1.167940
2.843400
3.599200
2.543000
4.807600
0.739620
1.729860
4.348200
1.298680
4.642600
4.733800
3.842200
1.415780
3.838200
0.694140
1.071580
1.053120
0.123546
0.168906
3.482600
4.947400
4.710400
2.730600
3.882400
4.646000
2.350600
2.655200
2.333200
0.622600
0.068332
2.141800
1.505400
0.463900
4.036600
0.921100
3.093600
2.438600
1.300880
3.446200
0.166984
2.837800
0.344860
4.443600
3.239000
1.497200
1.355520
2.418200
1.952820
2.696400
3.038400
0.867800
0.099416
1.735200
3.392200
4.932400
4.427800
4.376600
3.223600
0.531200
0.871920
0.964680
4.133600
1.120500
3.164800
3.929200
4.482200
0.162772
3.914600
2.184400
0.282140
3.377200
3.885800
2.377200
2.912200
0.586600
1.305540
4.386600
2.368400
2.494800
4.780000
1.644640
3.661000
3.056000
1.239120
1.788540
4.543800
3.369800
1.845600
0.419560
3.393000
0.319740
4.110800
0.246400
0.003784
2.333400
3.585000
4.119200
2.871000
4.585800
1.752180
4.561400
1.748440
3.588000
3.709800
1.012100
3.200800
0.556040
4.030800
4.248800
4.662200
0.493960
3.929400
3.632200
0.765360
0.649940
4.585400
1.679880
0.341180
2.157000
2.772200
2.227800
2.811400
4.153800
3.147000
1.341080
2.174400
0.371120
4.823200
1.410200
3.656200
4.628400
2.988200
3.637600
0.545740
4.741600
0.469740
4.811000
0.838940
0.354040
0.221520
2.411600
4.417200
4.773200
2.440000
2.856400
1.599140
4.110000
3.295600
2.331600
3.532200
4.784600
1.817360
3.504800
2.687000
3.572400
4.014000
1.625920
3.463000
3.271600
2.596200
1.175340
0.170830
2.258000
4.210000
2.348400
2.064000
1.492740
2.044600
0.736580
4.469400
1.440100
1.104640
3.030000
3.956200
3.811600
3.936400
3.224600
2.250000
1.581200
1.668960
4.220800
3.871800
4.899600
4.632600
1.576540
4.347400
2.117200
4.945000
0.647980
0.540020
0.594060
0.975660
0.568240
1.108480
4.071600
0.383680
2.754600
0.632060
4.213400
0.287020
2.024000
2.758600
2.796800
2.441800
3.204000
4.366200
4.308600
2.266800
2.526400
1.877240
3.765200
1.210400
4.314800
4.635400
4.525400
3.626000
3.590600
2.111200
2.159400
4.425200
1.178140
2.278800
2.363600
3.460200
3.752800
1.253180
0.660840
0.101198
4.945000
4.069200
3.593800
1.682200
3.159800
0.214720
4.012800
4.060600
3.729800
4.809000
3.538000
1.301560
0.700740
0.852820
0.897380
4.461400
3.069200
1.403320
1.696120
2.135400
2.838000
0.163670
4.792800
4.491000
2.434600
0.534200
3.236200
1.947380
0.029386
4.479000
4.984000
2.743600
3.824000
0.902860
2.233600
0.037868
4.962400
2.737200
4.047000
2.196200
4.662000
0.008923
3.793200
2.311600
1.604440
4.962600
1.181680
1.799980
4.175800
2.215200
0.042850
0.553380
4.336400
2.216800
3.608400
3.545600
0.639460
2.692400
4.424400
2.158600
2.969600
0.455260
1.046800
4.168000
3.756600
2.087600
1.760860
1.893900
0.321760
3.525600
0.111578
1.538480
3.369800
1.682440
1.579480
4.409200
4.922000
2.873400
4.448000
0.669000
0.876360
2.850000
2.308600
2.101000
3.470200
2.092600
2.956800
0.952180
3.843600
4.224400
3.613200
0.662940
2.758400
3.842800
2.352800
4.252200
3.285400
2.914000
2.814000
1.630480
4.643400
2.582800
0.262260
1.415700
2.569000
0.323580
4.070600
3.447400
1.115380
4.252200
3.281600
1.152740
0.843200
1.247100
4.942200
0.585600
1.141760
3.896800
2.663000
4.575400
1.440120
1.537980
0.197816
3.075000
3.475000
2.945000
4.173600
1.532620
4.417800
2.703400
2.087200
2.873800
2.629200
2.201000
3.291800
2.677600
1.984640
1.462920
4.373000
3.608000
2.407600
2.444600
2.877800
2.962600
1.344880
2.870000
3.954200
2.494600
1.842980
3.517600
1.105040
2.940800
2.447000
3.169800
4.673400
1.143980
4.589400
0.266400
4.942600
0.802800
1.104620
3.579200
4.010200
2.775200
2.775600
4.144200
0.218140
2.109800
4.218000
4.567800
0.842440
0.953880
4.048000
0.176870
1.301020
2.562000
2.787800
2.595200
3.436600
3.521200
4.462400
2.464000
1.939740
0.590320
3.461000
2.422600
2.638200
3.119200
3.430200
4.709400
0.703160
3.043200
2.237000
1.649780
1.908980
4.682400
1.323280
1.291540
4.179600
3.460200
0.355800
4.366800
2.956600
0.442920
2.955200
1.021200
1.250220
3.750000
4.984200
2.519000
2.677000
0.317940
4.165200
1.142020
2.869600
3.297200
0.661800
0.633860
1.693800
1.453000
1.503640
4.793800
1.892840
4.857600
3.994200
1.312580
2.087800
2.088200
2.976600
2.176200
4.171800
3.176400
0.654460
1.606200
0.453560
4.609400
1.574160
4.074800
3.722600
0.511600
3.212800
1.000480
2.496400
3.465000
1.952500
1.321240
4.182800
2.667600
4.786800
1.881040
2.059800
3.297200
0.722100
1.426900
2.976800
4.159200
0.914340
3.145600
1.126100
3.230400
2.749400
2.063400
1.391840
1.145260
2.458000
3.087600
1.419300
1.195820
2.436600
1.431780
1.917140
1.484000
4.068000
0.067620
3.329200
0.360360
1.766080
1.812280
1.475560
0.754360
4.011000
2.712600
3.534000
2.096600
4.037200
3.283800
1.698800
3.745800
2.204000
0.581600
2.725600
3.282800
0.987400
2.769000
3.825600
4.550600
3.702000
4.024200
0.873800
1.780900
0.117732
3.909800
0.309100
3.606000
0.090062
4.217800
2.687400
3.448000
3.063800
2.596000
1.336100
0.300500
1.352440
4.532800
3.263000
3.878000
1.873920
2.799000
1.311980
2.835600
3.718200
2.295600
0.656260
0.619700
2.925400
2.348000
0.462860
0.916360
4.138200
4.231800
0.090680
1.370760
1.030000
1.640740
1.259700
4.924400
2.378200
4.893800
1.521820
4.840600
3.253800
0.134744
4.009600
2.993200
4.437000
1.884700
0.622740
4.440600
3.552200
3.253600
2.200800
1.501200
1.000700
1.103560
4.064200
2.788000
2.837200
3.920200
3.038200
0.091752
2.363000
1.304060
4.701600
3.031400
1.357960
3.576400
2.977800
4.558600
4.024800
2.704800
4.244000
1.549440
2.240400
3.127800
4.863600
2.046200
1.921620
2.641600
0.863080
3.386200
4.542800
1.701340
3.346200
1.756300
2.588800
3.934400
3.656200
1.492480
2.608600
0.691140
0.551500
3.309200
3.078200
2.995600
1.756520
4.745400
3.512400
1.574620
2.053000
2.771200
3.607000
2.774400
3.959000
3.901600
0.959160
0.411640
2.597200
3.135200
4.387400
1.623420
4.397400
2.594400
0.083752
2.248600
3.470600
1.264780
0.814620
4.583400
4.893600
1.546160
1.226600
0.360720
3.779000
0.636560
1.008860
4.197000
4.350600
4.527000
2.499600
3.384800
3.202000
3.323800
0.707140
0.182784
1.052100
4.699200
4.875200
0.532020
2.775200
0.299480
4.583000
0.060704
3.641600
4.640600
1.417940
2.469600
4.070200
1.778460
1.570580
0.971180
0.544420
3.101000
2.918800
1.835640
0.387460
0.657180
1.397240
1.808460
3.948800
1.921620
1.555840
0.542180
2.987200
2.362800
2.035600
4.670600
4.329600
1.858580
0.219680
1.994980
1.795020
2.435200
0.196504
3.303400
1.123160
2.925000
1.158960
0.763040
1.019400
3.838200
1.533200
3.652200
4.360000
0.308580
1.377520
1.868280
2.196800
0.495760
1.237960
4.763800
0.019484
4.569800
1.540100
4.826200
1.401260
4.202600
4.693400
1.984920
3.311000
0.923700
0.137840
0.600420
0.642740
3.644800
0.135468
3.432400
4.393600
3.189800
2.220400
1.350380
1.123520
1.835280
2.022200
0.821740
1.294660
2.376000
1.875660
0.786560
2.739400
3.160600
1.947680
2.245000
1.862480
0.956640
1.994500
4.317400
2.983800
1.746160
2.918400
3.647000
4.996600
4.030200
3.772600
0.234920
3.345200
3.854400
1.553140
3.838400
0.189912
2.638600
1.315480
1.613340
1.873300
3.220000
1.569860
3.970600
0.562260
4.032000
1.728800
1.277860
1.517060
0.080300
1.655840
3.328800
1.762320
3.406200
1.934580
0.608300
2.206400
1.501100
4.576600
1.804400
1.573020
4.364600
3.568200
3.664600
1.661120
3.533800
0.003890
4.727200
3.255400
4.490000
2.034600
0.847220
0.024370
3.194800
4.666200
4.894800
0.680740
2.254600
4.858600
3.806800
1.422220
2.762600
1.614260
1.803780
0.724180
1.235540
2.964800
4.866400
4.772000
0.728980
2.845000
2.146400
1.417580
4.910000
0.554420
0.207560
4.757200
0.536400
2.339000
0.604180
0.634800
0.781220
2.473400
0.541700
0.909320
1.234380
2.001200
4.291600
3.962800
4.839800
0.765820
1.258960
4.219400
0.794680
3.749600
4.584600
0.537900
3.568600
0.258400
1.269620
3.019200
1.775460
3.445800
1.453040
4.244200
4.756400
4.019600
0.718860
4.331200
1.723740
1.509840
2.090600
4.904400
3.653400
3.165400
2.689600
2.442800
1.965520
2.455800
2.807800
2.080400
3.769000
4.000400
1.419800
0.996860
4.460000
4.090400
0.427860
0.449220
2.778800
0.257220
2.525600
3.350800
4.326000
0.603560
1.727040
4.384800
4.530600
2.847600
4.601400
3.684600
4.090200
0.839100
1.053820
1.046260
3.017000
3.484600
4.133000
3.811200
1.493480
4.257400
1.251400
1.761080
2.657800
0.448540
3.681200
1.118360
2.743400
0.507740
0.818400
0.091814
1.720180
2.614200
2.083800
0.947960
1.644440
0.358120
0.099910
1.542920
3.910600
0.955120
4.688000
4.664000
1.127140
2.890000
1.911140
3.104400
3.761200
0.671620
3.150200
4.072400
0.891820
0.899860
1.598980
3.341800
4.826000
3.000800
0.809820
4.706600
1.951000
3.074000
0.761700
2.716200
1.161720
4.417800
4.680400
4.565600
4.640000
1.962740
2.003000
1.183940
2.973800
3.539400
3.755600
3.621400
4.841600
0.789400
3.589000
2.849400
4.377400
2.947600
3.918000
4.387600
4.931800
0.399540
4.844400
4.730000
1.637040
2.561800
1.976640
4.615000
0.748140
3.290000
3.858400
3.474600
1.468920
3.567400
4.427400
3.382600
